2025-02-20 22:23:16,120 [Worker-1: Loading available Gradle versions] INFO  o.e.b.c.i.u.g.PublishedGradleVersions - Gradle version information cache is up-to-date. Trying to read.
2025-02-20 22:36:51,236 [Worker-2: Loading available Gradle versions] INFO  o.e.b.c.i.u.g.PublishedGradleVersions - Gradle version information cache is up-to-date. Trying to read.
2025-02-20 22:53:52,405 [Worker-6: Loading available Gradle versions] INFO  o.e.b.c.i.u.g.PublishedGradleVersions - Gradle version information cache is up-to-date. Trying to read.
2025-02-20 23:02:46,390 [Worker-4: Loading available Gradle versions] INFO  o.e.b.c.i.u.g.PublishedGradleVersions - Gradle version information cache is up-to-date. Trying to read.
2025-02-20 23:26:20,181 [Worker-4: Loading available Gradle versions] INFO  o.e.b.c.i.u.g.PublishedGradleVersions - Gradle version information cache is up-to-date. Trying to read.
2025-02-20 23:49:13,222 [Start Help Server] INFO  org.eclipse.jetty.server.Server - jetty-10.0.17; built: 2023-10-09T18:22:21.150Z; git: af15f12297adf5c5083e1f2f8f4c5974438bca25; jvm 21.0.2+13-LTS-58
2025-02-20 23:49:13,294 [Start Help Server] INFO  o.e.j.s.s.DefaultSessionIdManager - Session workerName=node0
2025-02-20 23:49:13,339 [Start Help Server] INFO  o.e.j.server.handler.ContextHandler - Started o.e.j.s.ServletContextHandler@2c7d01e0{/help,null,AVAILABLE}
2025-02-20 23:49:13,371 [Start Help Server] INFO  o.e.jetty.server.AbstractConnector - Started ServerConnector@1bc9cdbe{HTTP/1.1, (http/1.1)}{127.0.0.1:51769}
2025-02-20 23:49:13,376 [Start Help Server] INFO  org.eclipse.jetty.server.Server - Started Server@666c506f{STARTING}[10.0.17,sto=0] @1509059ms
2025-02-20 23:54:17,429 [Stop Help Server] INFO  org.eclipse.jetty.server.Server - Stopped Server@666c506f{STOPPING}[10.0.17,sto=0]
2025-02-20 23:54:17,432 [Stop Help Server] INFO  o.e.jetty.server.AbstractConnector - Stopped ServerConnector@1bc9cdbe{HTTP/1.1, (http/1.1)}{127.0.0.1:0}
2025-02-20 23:54:17,460 [Stop Help Server] INFO  o.e.j.server.handler.ContextHandler - Stopped o.e.j.s.ServletContextHandler@2c7d01e0{/help,null,STOPPED}
2025-02-21 00:07:13,366 [Worker-5: Loading available Gradle versions] INFO  o.e.b.c.i.u.g.PublishedGradleVersions - Gradle version information cache is not available. Remote download required.
2025-02-21 00:10:41,991 [Worker-0: Loading available Gradle versions] INFO  o.e.b.c.i.u.g.PublishedGradleVersions - Gradle version information cache is up-to-date. Trying to read.
2025-02-21 00:28:37,939 [Worker-10: Creating project "SecureApp"] INFO  o.e.m.c.i.e.AbstractTransferListenerAdapter - Downloading https://repo.maven.apache.org/maven2/org/apache/maven/plugins/maven-deploy-plugin/3.1.2/maven-deploy-plugin-3.1.2.jar
2025-02-21 00:28:37,986 [Worker-10: Creating project "SecureApp"] INFO  o.e.m.c.i.e.AbstractTransferListenerAdapter - Downloaded https://repo.maven.apache.org/maven2/org/apache/maven/plugins/maven-deploy-plugin/3.1.2/maven-deploy-plugin-3.1.2.jar
2025-02-21 00:28:38,306 [Worker-10: Creating project "SecureApp"] INFO  o.e.m.c.i.l.LifecycleMappingFactory - Using org.eclipse.m2e.jdt.JarLifecycleMapping lifecycle mapping for MavenProject: com.secureapp:SecureApp:0.0.1-SNAPSHOT @ D:\projects\presi_proj\SecureApp\pom.xml.
2025-02-21 00:28:38,853 [Worker-10: Creating project "SecureApp"] INFO  o.e.m.j.i.AbstractJavaProjectConfigurator - Adding source folder /SecureApp/src/main/java
2025-02-21 00:28:38,856 [Worker-10: Creating project "SecureApp"] INFO  o.e.m.j.i.AbstractJavaProjectConfigurator - Adding resource folder /SecureApp/src/main/resources
2025-02-21 00:28:38,857 [Worker-10: Creating project "SecureApp"] INFO  o.e.m.j.i.AbstractJavaProjectConfigurator - Adding source folder /SecureApp/src/test/java
2025-02-21 00:28:38,858 [Worker-10: Creating project "SecureApp"] INFO  o.e.m.j.i.AbstractJavaProjectConfigurator - Adding resource folder /SecureApp/src/test/resources
2025-02-21 00:28:39,128 [Worker-3: Building] WARN  o.a.m.s.f.DefaultMavenResourcesFiltering - Using platform encoding (UTF-8 actually) to copy filtered resources, i.e. build is platform dependent!
2025-02-21 00:28:39,133 [Worker-3: Building] INFO  o.a.m.s.f.DefaultMavenResourcesFiltering - Copying 0 resource from src\main\resources to target\classes
2025-02-21 00:28:39,137 [Worker-3: Building] WARN  o.a.m.s.f.DefaultMavenResourcesFiltering - Using platform encoding (UTF-8 actually) to copy filtered resources, i.e. build is platform dependent!
2025-02-21 00:28:39,138 [Worker-3: Building] INFO  o.a.m.s.f.DefaultMavenResourcesFiltering - Copying 0 resource from src\test\resources to target\test-classes
2025-02-21 00:29:29,424 [Worker-26: Building] INFO  o.e.m.c.i.e.AbstractTransferListenerAdapter - Downloading https://repo.maven.apache.org/maven2/org/openjfx/javafx-controls/21/javafx-controls-21.pom
2025-02-21 00:29:29,431 [Worker-26: Building] INFO  o.e.m.c.i.e.AbstractTransferListenerAdapter - Downloaded https://repo.maven.apache.org/maven2/org/openjfx/javafx-controls/21/javafx-controls-21.pom
2025-02-21 00:29:29,477 [Worker-26: Building] INFO  o.e.m.c.i.e.AbstractTransferListenerAdapter - Downloading https://repo.maven.apache.org/maven2/org/openjfx/javafx/21/javafx-21.pom
2025-02-21 00:29:29,481 [Worker-26: Building] INFO  o.e.m.c.i.e.AbstractTransferListenerAdapter - Downloaded https://repo.maven.apache.org/maven2/org/openjfx/javafx/21/javafx-21.pom
2025-02-21 00:29:29,485 [Worker-26: Building] WARN  o.a.m.r.i.DefaultArtifactDescriptorReader - 6 problems were encountered while building the effective model for org.openjfx:javafx-controls:jar:21 during dependency collection step for project (use -X to see details)
2025-02-21 00:29:29,540 [Worker-26: Building] INFO  o.e.m.c.i.e.AbstractTransferListenerAdapter - Downloading https://repo.maven.apache.org/maven2/org/openjfx/javafx-graphics/21/javafx-graphics-21.pom
2025-02-21 00:29:29,544 [Worker-26: Building] INFO  o.e.m.c.i.e.AbstractTransferListenerAdapter - Downloaded https://repo.maven.apache.org/maven2/org/openjfx/javafx-graphics/21/javafx-graphics-21.pom
2025-02-21 00:29:29,598 [Worker-26: Building] INFO  o.e.m.c.i.e.AbstractTransferListenerAdapter - Downloading https://repo.maven.apache.org/maven2/org/openjfx/javafx-base/21/javafx-base-21.pom
2025-02-21 00:29:29,602 [Worker-26: Building] INFO  o.e.m.c.i.e.AbstractTransferListenerAdapter - Downloaded https://repo.maven.apache.org/maven2/org/openjfx/javafx-base/21/javafx-base-21.pom
2025-02-21 00:29:29,660 [Worker-26: Building] INFO  o.e.m.c.i.e.AbstractTransferListenerAdapter - Downloading https://repo.maven.apache.org/maven2/org/openjfx/javafx-fxml/21/javafx-fxml-21.pom
2025-02-21 00:29:29,664 [Worker-26: Building] INFO  o.e.m.c.i.e.AbstractTransferListenerAdapter - Downloaded https://repo.maven.apache.org/maven2/org/openjfx/javafx-fxml/21/javafx-fxml-21.pom
2025-02-21 00:29:29,747 [Worker-26: Building] INFO  o.e.m.c.i.e.AbstractTransferListenerAdapter - Downloaded https://repo.maven.apache.org/maven2/mysql/mysql-connector-java/8.1.0/mysql-connector-java-8.1.0.pom
2025-02-21 00:29:29,748 [Worker-26: Building] WARN  o.e.m.c.i.embedder.EclipseLogger - The POM for mysql:mysql-connector-java:jar:8.1.0 is missing, no dependency information available
2025-02-21 00:29:29,804 [Worker-26: Building] INFO  o.e.m.c.i.e.AbstractTransferListenerAdapter - Downloading https://repo.maven.apache.org/maven2/org/openjfx/javafx-controls/21/javafx-controls-21.jar
2025-02-21 00:29:29,807 [Worker-26: Building] INFO  o.e.m.c.i.e.AbstractTransferListenerAdapter - Downloaded https://repo.maven.apache.org/maven2/org/openjfx/javafx-controls/21/javafx-controls-21.jar
2025-02-21 00:29:29,860 [BasicRepositoryConnector-repo.maven.apache.org-0-1] INFO  o.e.m.c.i.e.AbstractTransferListenerAdapter - Downloading https://repo.maven.apache.org/maven2/org/openjfx/javafx-graphics/21/javafx-graphics-21.jar
2025-02-21 00:29:29,863 [BasicRepositoryConnector-repo.maven.apache.org-0-1] INFO  o.e.m.c.i.e.AbstractTransferListenerAdapter - Downloaded https://repo.maven.apache.org/maven2/org/openjfx/javafx-graphics/21/javafx-graphics-21.jar
2025-02-21 00:29:29,913 [BasicRepositoryConnector-repo.maven.apache.org-0-1] INFO  o.e.m.c.i.e.AbstractTransferListenerAdapter - Downloading https://repo.maven.apache.org/maven2/org/openjfx/javafx-fxml/21/javafx-fxml-21.jar
2025-02-21 00:29:29,917 [BasicRepositoryConnector-repo.maven.apache.org-0-1] INFO  o.e.m.c.i.e.AbstractTransferListenerAdapter - Downloaded https://repo.maven.apache.org/maven2/org/openjfx/javafx-fxml/21/javafx-fxml-21.jar
2025-02-21 00:29:29,947 [BasicRepositoryConnector-repo.maven.apache.org-0-3] INFO  o.e.m.c.i.e.AbstractTransferListenerAdapter - Downloading https://repo.maven.apache.org/maven2/org/openjfx/javafx-base/21/javafx-base-21.jar
2025-02-21 00:29:29,947 [BasicRepositoryConnector-repo.maven.apache.org-0-0] INFO  o.e.m.c.i.e.AbstractTransferListenerAdapter - Downloading https://repo.maven.apache.org/maven2/org/openjfx/javafx-controls/21/javafx-controls-21-win.jar
2025-02-21 00:29:29,947 [BasicRepositoryConnector-repo.maven.apache.org-0-1] INFO  o.e.m.c.i.e.AbstractTransferListenerAdapter - Downloading https://repo.maven.apache.org/maven2/org/openjfx/javafx-fxml/21/javafx-fxml-21-win.jar
2025-02-21 00:29:29,947 [BasicRepositoryConnector-repo.maven.apache.org-0-4] INFO  o.e.m.c.i.e.AbstractTransferListenerAdapter - Downloading https://repo.maven.apache.org/maven2/org/openjfx/javafx-base/21/javafx-base-21-win.jar
2025-02-21 00:29:29,949 [BasicRepositoryConnector-repo.maven.apache.org-0-3] INFO  o.e.m.c.i.e.AbstractTransferListenerAdapter - Downloaded https://repo.maven.apache.org/maven2/org/openjfx/javafx-base/21/javafx-base-21.jar
2025-02-21 00:29:29,956 [BasicRepositoryConnector-repo.maven.apache.org-0-2] INFO  o.e.m.c.i.e.AbstractTransferListenerAdapter - Downloading https://repo.maven.apache.org/maven2/org/openjfx/javafx-graphics/21/javafx-graphics-21-win.jar
2025-02-21 00:29:30,001 [BasicRepositoryConnector-repo.maven.apache.org-0-3] INFO  o.e.m.c.i.e.AbstractTransferListenerAdapter - Downloaded https://repo.maven.apache.org/maven2/mysql/mysql-connector-java/8.1.0/mysql-connector-java-8.1.0.jar
2025-02-21 00:29:30,059 [BasicRepositoryConnector-repo.maven.apache.org-0-1] INFO  o.e.m.c.i.e.AbstractTransferListenerAdapter - Downloaded https://repo.maven.apache.org/maven2/org/openjfx/javafx-fxml/21/javafx-fxml-21-win.jar
2025-02-21 00:29:30,218 [BasicRepositoryConnector-repo.maven.apache.org-0-4] INFO  o.e.m.c.i.e.AbstractTransferListenerAdapter - Downloaded https://repo.maven.apache.org/maven2/org/openjfx/javafx-base/21/javafx-base-21-win.jar
2025-02-21 00:29:30,938 [BasicRepositoryConnector-repo.maven.apache.org-0-0] INFO  o.e.m.c.i.e.AbstractTransferListenerAdapter - Downloaded https://repo.maven.apache.org/maven2/org/openjfx/javafx-controls/21/javafx-controls-21-win.jar
2025-02-21 00:29:31,592 [BasicRepositoryConnector-repo.maven.apache.org-0-2] INFO  o.e.m.c.i.e.AbstractTransferListenerAdapter - Downloaded https://repo.maven.apache.org/maven2/org/openjfx/javafx-graphics/21/javafx-graphics-21-win.jar
2025-02-21 00:29:31,788 [Worker-26: Building] INFO  o.e.m.c.i.l.LifecycleMappingFactory - Using org.eclipse.m2e.jdt.JarLifecycleMapping lifecycle mapping for MavenProject: com.secureapp:SecureApp:1.0 @ D:\projects\presi_proj\SecureApp\pom.xml.
2025-02-21 00:29:31,931 [Worker-26: Building] WARN  o.a.m.s.f.DefaultMavenResourcesFiltering - Using platform encoding (UTF-8 actually) to copy filtered resources, i.e. build is platform dependent!
2025-02-21 00:29:31,934 [Worker-26: Building] INFO  o.a.m.s.f.DefaultMavenResourcesFiltering - Copying 0 resource from src\main\resources to target\classes
2025-02-21 00:29:31,939 [Worker-26: Building] WARN  o.a.m.s.f.DefaultMavenResourcesFiltering - Using platform encoding (UTF-8 actually) to copy filtered resources, i.e. build is platform dependent!
2025-02-21 00:29:31,940 [Worker-26: Building] INFO  o.a.m.s.f.DefaultMavenResourcesFiltering - Copying 0 resource from src\test\resources to target\test-classes
2025-02-21 00:29:33,001 [Worker-42: Download sources and javadoc] INFO  o.e.m.c.i.e.AbstractTransferListenerAdapter - Downloading https://repo.maven.apache.org/maven2/org/openjfx/javafx-controls/21/javafx-controls-21-sources.jar
2025-02-21 00:29:33,789 [Worker-42: Download sources and javadoc] INFO  o.e.m.c.i.e.AbstractTransferListenerAdapter - Downloaded https://repo.maven.apache.org/maven2/org/openjfx/javafx-controls/21/javafx-controls-21-sources.jar
2025-02-21 00:29:33,792 [Worker-42: Download sources and javadoc] INFO  o.e.m.j.internal.DownloadSourcesJob - Downloaded sources for org.openjfx:javafx-controls:21
2025-02-21 00:29:33,795 [Worker-42: Download sources and javadoc] INFO  o.e.m.j.internal.DownloadSourcesJob - Downloaded sources for org.openjfx:javafx-controls:21win
2025-02-21 00:29:33,908 [Worker-42: Download sources and javadoc] INFO  o.e.m.c.i.e.AbstractTransferListenerAdapter - Downloading https://repo.maven.apache.org/maven2/org/openjfx/javafx-graphics/21/javafx-graphics-21-sources.jar
2025-02-21 00:29:35,272 [Worker-42: Download sources and javadoc] INFO  o.e.m.c.i.e.AbstractTransferListenerAdapter - Downloaded https://repo.maven.apache.org/maven2/org/openjfx/javafx-graphics/21/javafx-graphics-21-sources.jar
2025-02-21 00:29:35,275 [Worker-42: Download sources and javadoc] INFO  o.e.m.j.internal.DownloadSourcesJob - Downloaded sources for org.openjfx:javafx-graphics:21
2025-02-21 00:29:35,277 [Worker-42: Download sources and javadoc] INFO  o.e.m.j.internal.DownloadSourcesJob - Downloaded sources for org.openjfx:javafx-graphics:21win
2025-02-21 00:29:35,397 [Worker-42: Download sources and javadoc] INFO  o.e.m.c.i.e.AbstractTransferListenerAdapter - Downloading https://repo.maven.apache.org/maven2/org/openjfx/javafx-base/21/javafx-base-21-sources.jar
2025-02-21 00:29:35,741 [Worker-42: Download sources and javadoc] INFO  o.e.m.c.i.e.AbstractTransferListenerAdapter - Downloaded https://repo.maven.apache.org/maven2/org/openjfx/javafx-base/21/javafx-base-21-sources.jar
2025-02-21 00:29:35,744 [Worker-42: Download sources and javadoc] INFO  o.e.m.j.internal.DownloadSourcesJob - Downloaded sources for org.openjfx:javafx-base:21
2025-02-21 00:29:35,748 [Worker-42: Download sources and javadoc] INFO  o.e.m.j.internal.DownloadSourcesJob - Downloaded sources for org.openjfx:javafx-base:21win
2025-02-21 00:29:35,858 [Worker-42: Download sources and javadoc] INFO  o.e.m.c.i.e.AbstractTransferListenerAdapter - Downloading https://repo.maven.apache.org/maven2/org/openjfx/javafx-fxml/21/javafx-fxml-21-sources.jar
2025-02-21 00:29:35,899 [Worker-42: Download sources and javadoc] INFO  o.e.m.c.i.e.AbstractTransferListenerAdapter - Downloaded https://repo.maven.apache.org/maven2/org/openjfx/javafx-fxml/21/javafx-fxml-21-sources.jar
2025-02-21 00:29:35,902 [Worker-42: Download sources and javadoc] INFO  o.e.m.j.internal.DownloadSourcesJob - Downloaded sources for org.openjfx:javafx-fxml:21
2025-02-21 00:29:35,904 [Worker-42: Download sources and javadoc] INFO  o.e.m.j.internal.DownloadSourcesJob - Downloaded sources for org.openjfx:javafx-fxml:21win
2025-02-21 00:29:36,313 [Worker-42: Download sources and javadoc] INFO  o.e.m.c.i.e.AbstractTransferListenerAdapter - Downloaded https://repo.maven.apache.org/maven2/mysql/mysql-connector-java/8.1.0/mysql-connector-java-8.1.0-sources.jar
2025-02-21 00:29:36,319 [Worker-42: Download sources and javadoc] ERROR o.e.m.j.internal.DownloadSourcesJob - Could not download sources for mysql:mysql-connector-java:8.1.0
org.eclipse.core.runtime.CoreException: Could not resolve artifact mysql:mysql-connector-java:jar:sources:8.1.0
	at org.eclipse.m2e.core.internal.embedder.MavenImpl.lambda$7(MavenImpl.java:540)
	at org.eclipse.m2e.core.internal.embedder.MavenExecutionContext.executeBare(MavenExecutionContext.java:458)
	at org.eclipse.m2e.core.internal.embedder.MavenExecutionContext.execute(MavenExecutionContext.java:292)
	at org.eclipse.m2e.core.internal.embedder.MavenExecutionContext.execute(MavenExecutionContext.java:278)
	at org.eclipse.m2e.core.internal.embedder.MavenImpl.resolve(MavenImpl.java:509)
	at org.eclipse.m2e.core.internal.embedder.MavenImpl.resolve(MavenImpl.java:494)
	at org.eclipse.m2e.jdt.internal.DownloadSourcesJob.download(DownloadSourcesJob.java:308)
	at org.eclipse.m2e.jdt.internal.DownloadSourcesJob.downloadAttachments(DownloadSourcesJob.java:282)
	at org.eclipse.m2e.jdt.internal.DownloadSourcesJob.downloadMaven(DownloadSourcesJob.java:252)
	at org.eclipse.m2e.jdt.internal.DownloadSourcesJob.downloadFilesAndPopulateToUpdate(DownloadSourcesJob.java:220)
	at org.eclipse.m2e.jdt.internal.DownloadSourcesJob.lambda$0(DownloadSourcesJob.java:149)
	at org.eclipse.m2e.core.internal.embedder.MavenExecutionContext.executeBare(MavenExecutionContext.java:458)
	at org.eclipse.m2e.core.internal.embedder.MavenExecutionContext.execute(MavenExecutionContext.java:339)
	at org.eclipse.m2e.core.internal.embedder.MavenExecutionContext.execute(MavenExecutionContext.java:278)
	at org.eclipse.m2e.core.embedder.IMaven.execute(IMaven.java:300)
	at org.eclipse.m2e.jdt.internal.DownloadSourcesJob.run(DownloadSourcesJob.java:149)
	at org.eclipse.core.internal.jobs.Worker.run(Worker.java:63)
2025-02-21 00:29:47,660 [Worker-26: Building] INFO  o.e.m.c.i.l.LifecycleMappingFactory - Using org.eclipse.m2e.jdt.JarLifecycleMapping lifecycle mapping for MavenProject: com.secureapp:SecureApp:1.0 @ D:\projects\presi_proj\SecureApp\pom.xml.
2025-02-21 00:29:47,665 [Worker-26: Building] WARN  o.a.m.r.i.DefaultArtifactDescriptorReader - 6 problems were encountered while building the effective model for org.openjfx:javafx-controls:jar:21 during dependency collection step for project (use -X to see details)
2025-02-21 00:29:47,680 [Worker-26: Building] WARN  o.e.m.c.i.embedder.EclipseLogger - The POM for mysql:mysql-connector-java:jar:8.1.0 is missing, no dependency information available
2025-02-21 00:29:47,786 [Worker-26: Building] WARN  o.a.m.s.f.DefaultMavenResourcesFiltering - Using platform encoding (UTF-8 actually) to copy filtered resources, i.e. build is platform dependent!
2025-02-21 00:29:47,788 [Worker-26: Building] INFO  o.a.m.s.f.DefaultMavenResourcesFiltering - Copying 0 resource from src\main\resources to target\classes
2025-02-21 00:29:47,791 [Worker-26: Building] WARN  o.a.m.s.f.DefaultMavenResourcesFiltering - Using platform encoding (UTF-8 actually) to copy filtered resources, i.e. build is platform dependent!
2025-02-21 00:29:47,792 [Worker-26: Building] INFO  o.a.m.s.f.DefaultMavenResourcesFiltering - Copying 0 resource from src\test\resources to target\test-classes
2025-02-21 00:29:49,256 [Worker-3: Download sources and javadoc] INFO  o.e.m.c.i.e.AbstractTransferListenerAdapter - Downloaded https://repo.maven.apache.org/maven2/mysql/mysql-connector-java/8.1.0/mysql-connector-java-8.1.0-javadoc.jar
2025-02-21 00:29:49,259 [Worker-3: Download sources and javadoc] ERROR o.e.m.j.internal.DownloadSourcesJob - Could not download javadoc for mysql:mysql-connector-java:8.1.0
org.eclipse.core.runtime.CoreException: Could not resolve artifact mysql:mysql-connector-java:jar:javadoc:8.1.0
	at org.eclipse.m2e.core.internal.embedder.MavenImpl.lambda$7(MavenImpl.java:540)
	at org.eclipse.m2e.core.internal.embedder.MavenExecutionContext.executeBare(MavenExecutionContext.java:458)
	at org.eclipse.m2e.core.internal.embedder.MavenExecutionContext.execute(MavenExecutionContext.java:292)
	at org.eclipse.m2e.core.internal.embedder.MavenExecutionContext.execute(MavenExecutionContext.java:278)
	at org.eclipse.m2e.core.internal.embedder.MavenImpl.resolve(MavenImpl.java:509)
	at org.eclipse.m2e.core.internal.embedder.MavenImpl.resolve(MavenImpl.java:494)
	at org.eclipse.m2e.jdt.internal.DownloadSourcesJob.download(DownloadSourcesJob.java:308)
	at org.eclipse.m2e.jdt.internal.DownloadSourcesJob.downloadAttachments(DownloadSourcesJob.java:294)
	at org.eclipse.m2e.jdt.internal.DownloadSourcesJob.downloadMaven(DownloadSourcesJob.java:252)
	at org.eclipse.m2e.jdt.internal.DownloadSourcesJob.downloadFilesAndPopulateToUpdate(DownloadSourcesJob.java:220)
	at org.eclipse.m2e.jdt.internal.DownloadSourcesJob.lambda$0(DownloadSourcesJob.java:149)
	at org.eclipse.m2e.core.internal.embedder.MavenExecutionContext.executeBare(MavenExecutionContext.java:458)
	at org.eclipse.m2e.core.internal.embedder.MavenExecutionContext.execute(MavenExecutionContext.java:339)
	at org.eclipse.m2e.core.internal.embedder.MavenExecutionContext.execute(MavenExecutionContext.java:278)
	at org.eclipse.m2e.core.embedder.IMaven.execute(IMaven.java:300)
	at org.eclipse.m2e.jdt.internal.DownloadSourcesJob.run(DownloadSourcesJob.java:149)
	at org.eclipse.core.internal.jobs.Worker.run(Worker.java:63)
2025-02-21 00:32:40,755 [Worker-41: Building] WARN  o.a.m.s.f.DefaultMavenResourcesFiltering - Using platform encoding (UTF-8 actually) to copy filtered resources, i.e. build is platform dependent!
2025-02-21 00:32:40,756 [Worker-41: Building] INFO  o.a.m.s.f.DefaultMavenResourcesFiltering - Copying 0 resource from src\main\resources to target\classes
2025-02-21 00:32:40,758 [Worker-41: Building] WARN  o.a.m.s.f.DefaultMavenResourcesFiltering - Using platform encoding (UTF-8 actually) to copy filtered resources, i.e. build is platform dependent!
2025-02-21 00:32:40,759 [Worker-41: Building] INFO  o.a.m.s.f.DefaultMavenResourcesFiltering - Copying 0 resource from src\test\resources to target\test-classes
2025-02-21 00:33:18,404 [Worker-41: Building] WARN  o.a.m.s.f.DefaultMavenResourcesFiltering - Using platform encoding (UTF-8 actually) to copy filtered resources, i.e. build is platform dependent!
2025-02-21 00:33:18,405 [Worker-41: Building] INFO  o.a.m.s.f.DefaultMavenResourcesFiltering - Copying 0 resource from src\main\resources to target\classes
2025-02-21 00:33:18,407 [Worker-41: Building] WARN  o.a.m.s.f.DefaultMavenResourcesFiltering - Using platform encoding (UTF-8 actually) to copy filtered resources, i.e. build is platform dependent!
2025-02-21 00:33:18,407 [Worker-41: Building] INFO  o.a.m.s.f.DefaultMavenResourcesFiltering - Copying 0 resource from src\test\resources to target\test-classes
2025-02-21 08:27:37,527 [Worker-45: Creating project "SecureApp"] INFO  o.e.m.c.i.l.LifecycleMappingFactory - Using org.eclipse.m2e.jdt.JarLifecycleMapping lifecycle mapping for MavenProject: com.yourname:SecureApp:0.0.1-SNAPSHOT @ D:\projects\presi_proj\SecureApp\pom.xml.
2025-02-21 08:27:38,023 [Worker-45: Creating project "SecureApp"] INFO  o.e.m.j.i.AbstractJavaProjectConfigurator - Adding source folder /SecureApp/src/main/java
2025-02-21 08:27:38,023 [Worker-45: Creating project "SecureApp"] INFO  o.e.m.j.i.AbstractJavaProjectConfigurator - Adding resource folder /SecureApp/src/main/resources
2025-02-21 08:27:38,025 [Worker-45: Creating project "SecureApp"] INFO  o.e.m.j.i.AbstractJavaProjectConfigurator - Adding source folder /SecureApp/src/test/java
2025-02-21 08:27:38,025 [Worker-45: Creating project "SecureApp"] INFO  o.e.m.j.i.AbstractJavaProjectConfigurator - Adding resource folder /SecureApp/src/test/resources
2025-02-21 08:27:38,276 [Worker-45: Building] WARN  o.a.m.s.f.DefaultMavenResourcesFiltering - Using platform encoding (UTF-8 actually) to copy filtered resources, i.e. build is platform dependent!
2025-02-21 08:27:38,279 [Worker-45: Building] INFO  o.a.m.s.f.DefaultMavenResourcesFiltering - Copying 0 resource from src\main\resources to target\classes
2025-02-21 08:27:38,281 [Worker-45: Building] WARN  o.a.m.s.f.DefaultMavenResourcesFiltering - Using platform encoding (UTF-8 actually) to copy filtered resources, i.e. build is platform dependent!
2025-02-21 08:27:38,287 [Worker-45: Building] INFO  o.a.m.s.f.DefaultMavenResourcesFiltering - Copying 0 resource from src\test\resources to target\test-classes
2025-02-21 08:33:15,257 [Worker-48: Building] WARN  o.a.m.s.f.DefaultMavenResourcesFiltering - Using platform encoding (UTF-8 actually) to copy filtered resources, i.e. build is platform dependent!
2025-02-21 08:33:15,260 [Worker-48: Building] INFO  o.a.m.s.f.DefaultMavenResourcesFiltering - Copying 0 resource from src\main\resources to target\classes
2025-02-21 08:33:15,262 [Worker-48: Building] WARN  o.a.m.s.f.DefaultMavenResourcesFiltering - Using platform encoding (UTF-8 actually) to copy filtered resources, i.e. build is platform dependent!
2025-02-21 08:33:15,263 [Worker-48: Building] INFO  o.a.m.s.f.DefaultMavenResourcesFiltering - Copying 0 resource from src\test\resources to target\test-classes
2025-02-21 08:33:18,131 [Worker-45: Building] WARN  o.a.m.s.f.DefaultMavenResourcesFiltering - Using platform encoding (UTF-8 actually) to copy filtered resources, i.e. build is platform dependent!
2025-02-21 08:33:18,133 [Worker-45: Building] INFO  o.a.m.s.f.DefaultMavenResourcesFiltering - Copying 0 resource from src\main\resources to target\classes
2025-02-21 08:33:18,135 [Worker-45: Building] WARN  o.a.m.s.f.DefaultMavenResourcesFiltering - Using platform encoding (UTF-8 actually) to copy filtered resources, i.e. build is platform dependent!
2025-02-21 08:33:18,135 [Worker-45: Building] INFO  o.a.m.s.f.DefaultMavenResourcesFiltering - Copying 0 resource from src\test\resources to target\test-classes
2025-02-21 08:33:53,308 [Worker-45: Building] WARN  o.a.m.s.f.DefaultMavenResourcesFiltering - Using platform encoding (UTF-8 actually) to copy filtered resources, i.e. build is platform dependent!
2025-02-21 08:33:53,310 [Worker-45: Building] INFO  o.a.m.s.f.DefaultMavenResourcesFiltering - Copying 0 resource from src\main\resources to target\classes
2025-02-21 08:33:53,313 [Worker-45: Building] WARN  o.a.m.s.f.DefaultMavenResourcesFiltering - Using platform encoding (UTF-8 actually) to copy filtered resources, i.e. build is platform dependent!
2025-02-21 08:33:53,315 [Worker-45: Building] INFO  o.a.m.s.f.DefaultMavenResourcesFiltering - Copying 0 resource from src\test\resources to target\test-classes
2025-02-21 08:34:35,342 [Worker-50: Building] WARN  o.a.m.s.f.DefaultMavenResourcesFiltering - Using platform encoding (UTF-8 actually) to copy filtered resources, i.e. build is platform dependent!
2025-02-21 08:34:35,345 [Worker-50: Building] INFO  o.a.m.s.f.DefaultMavenResourcesFiltering - Copying 0 resource from src\main\resources to target\classes
2025-02-21 08:34:35,347 [Worker-50: Building] WARN  o.a.m.s.f.DefaultMavenResourcesFiltering - Using platform encoding (UTF-8 actually) to copy filtered resources, i.e. build is platform dependent!
2025-02-21 08:34:35,349 [Worker-50: Building] INFO  o.a.m.s.f.DefaultMavenResourcesFiltering - Copying 0 resource from src\test\resources to target\test-classes
2025-02-21 08:35:06,902 [Worker-47: Building] WARN  o.a.m.s.f.DefaultMavenResourcesFiltering - Using platform encoding (UTF-8 actually) to copy filtered resources, i.e. build is platform dependent!
2025-02-21 08:35:06,904 [Worker-47: Building] INFO  o.a.m.s.f.DefaultMavenResourcesFiltering - Copying 0 resource from src\main\resources to target\classes
2025-02-21 08:35:06,905 [Worker-47: Building] WARN  o.a.m.s.f.DefaultMavenResourcesFiltering - Using platform encoding (UTF-8 actually) to copy filtered resources, i.e. build is platform dependent!
2025-02-21 08:35:06,906 [Worker-47: Building] INFO  o.a.m.s.f.DefaultMavenResourcesFiltering - Copying 0 resource from src\test\resources to target\test-classes
2025-02-21 08:35:43,998 [Worker-46: Building] WARN  o.a.m.s.f.DefaultMavenResourcesFiltering - Using platform encoding (UTF-8 actually) to copy filtered resources, i.e. build is platform dependent!
2025-02-21 08:35:44,000 [Worker-46: Building] INFO  o.a.m.s.f.DefaultMavenResourcesFiltering - Copying 0 resource from src\main\resources to target\classes
2025-02-21 08:35:44,001 [Worker-46: Building] WARN  o.a.m.s.f.DefaultMavenResourcesFiltering - Using platform encoding (UTF-8 actually) to copy filtered resources, i.e. build is platform dependent!
2025-02-21 08:35:44,002 [Worker-46: Building] INFO  o.a.m.s.f.DefaultMavenResourcesFiltering - Copying 0 resource from src\test\resources to target\test-classes
2025-02-21 08:36:22,074 [Worker-46: Building] WARN  o.a.m.s.f.DefaultMavenResourcesFiltering - Using platform encoding (UTF-8 actually) to copy filtered resources, i.e. build is platform dependent!
2025-02-21 08:36:22,077 [Worker-46: Building] INFO  o.a.m.s.f.DefaultMavenResourcesFiltering - Copying 0 resource from src\main\resources to target\classes
2025-02-21 08:36:22,079 [Worker-46: Building] WARN  o.a.m.s.f.DefaultMavenResourcesFiltering - Using platform encoding (UTF-8 actually) to copy filtered resources, i.e. build is platform dependent!
2025-02-21 08:36:22,081 [Worker-46: Building] INFO  o.a.m.s.f.DefaultMavenResourcesFiltering - Copying 0 resource from src\test\resources to target\test-classes
2025-02-21 08:36:56,185 [Worker-48: Building] WARN  o.a.m.s.f.DefaultMavenResourcesFiltering - Using platform encoding (UTF-8 actually) to copy filtered resources, i.e. build is platform dependent!
2025-02-21 08:36:56,187 [Worker-48: Building] INFO  o.a.m.s.f.DefaultMavenResourcesFiltering - Copying 1 resource from src\main\resources to target\classes
2025-02-21 08:36:56,198 [Worker-48: Building] WARN  o.a.m.s.f.DefaultMavenResourcesFiltering - Using platform encoding (UTF-8 actually) to copy filtered resources, i.e. build is platform dependent!
2025-02-21 08:36:56,200 [Worker-48: Building] INFO  o.a.m.s.f.DefaultMavenResourcesFiltering - Copying 0 resource from src\test\resources to target\test-classes
2025-02-21 08:36:59,601 [Worker-52: Building] WARN  o.a.m.s.f.DefaultMavenResourcesFiltering - Using platform encoding (UTF-8 actually) to copy filtered resources, i.e. build is platform dependent!
2025-02-21 08:36:59,603 [Worker-52: Building] INFO  o.a.m.s.f.DefaultMavenResourcesFiltering - Copying 1 resource from src\main\resources to target\classes
2025-02-21 08:36:59,606 [Worker-52: Building] WARN  o.a.m.s.f.DefaultMavenResourcesFiltering - Using platform encoding (UTF-8 actually) to copy filtered resources, i.e. build is platform dependent!
2025-02-21 08:36:59,607 [Worker-52: Building] INFO  o.a.m.s.f.DefaultMavenResourcesFiltering - Copying 0 resource from src\test\resources to target\test-classes
2025-02-21 08:38:29,265 [Worker-47: Building] WARN  o.a.m.s.f.DefaultMavenResourcesFiltering - Using platform encoding (UTF-8 actually) to copy filtered resources, i.e. build is platform dependent!
2025-02-21 08:38:29,267 [Worker-47: Building] INFO  o.a.m.s.f.DefaultMavenResourcesFiltering - Copying 1 resource from src\main\resources to target\classes
2025-02-21 08:38:29,271 [Worker-47: Building] WARN  o.a.m.s.f.DefaultMavenResourcesFiltering - Using platform encoding (UTF-8 actually) to copy filtered resources, i.e. build is platform dependent!
2025-02-21 08:38:29,272 [Worker-47: Building] INFO  o.a.m.s.f.DefaultMavenResourcesFiltering - Copying 0 resource from src\test\resources to target\test-classes
2025-02-21 08:38:32,384 [Worker-47: Building] WARN  o.a.m.s.f.DefaultMavenResourcesFiltering - Using platform encoding (UTF-8 actually) to copy filtered resources, i.e. build is platform dependent!
2025-02-21 08:38:32,386 [Worker-47: Building] INFO  o.a.m.s.f.DefaultMavenResourcesFiltering - Copying 1 resource from src\main\resources to target\classes
2025-02-21 08:38:32,388 [Worker-47: Building] WARN  o.a.m.s.f.DefaultMavenResourcesFiltering - Using platform encoding (UTF-8 actually) to copy filtered resources, i.e. build is platform dependent!
2025-02-21 08:38:32,389 [Worker-47: Building] INFO  o.a.m.s.f.DefaultMavenResourcesFiltering - Copying 0 resource from src\test\resources to target\test-classes
2025-02-21 08:38:59,501 [Worker-45: Building] WARN  o.a.m.s.f.DefaultMavenResourcesFiltering - Using platform encoding (UTF-8 actually) to copy filtered resources, i.e. build is platform dependent!
2025-02-21 08:38:59,503 [Worker-45: Building] INFO  o.a.m.s.f.DefaultMavenResourcesFiltering - Copying 1 resource from src\main\resources to target\classes
2025-02-21 08:38:59,506 [Worker-45: Building] WARN  o.a.m.s.f.DefaultMavenResourcesFiltering - Using platform encoding (UTF-8 actually) to copy filtered resources, i.e. build is platform dependent!
2025-02-21 08:38:59,508 [Worker-45: Building] INFO  o.a.m.s.f.DefaultMavenResourcesFiltering - Copying 0 resource from src\test\resources to target\test-classes
2025-02-21 08:39:01,730 [Worker-45: Building] WARN  o.a.m.s.f.DefaultMavenResourcesFiltering - Using platform encoding (UTF-8 actually) to copy filtered resources, i.e. build is platform dependent!
2025-02-21 08:39:01,731 [Worker-45: Building] INFO  o.a.m.s.f.DefaultMavenResourcesFiltering - Copying 1 resource from src\main\resources to target\classes
2025-02-21 08:39:01,734 [Worker-45: Building] WARN  o.a.m.s.f.DefaultMavenResourcesFiltering - Using platform encoding (UTF-8 actually) to copy filtered resources, i.e. build is platform dependent!
2025-02-21 08:39:01,735 [Worker-45: Building] INFO  o.a.m.s.f.DefaultMavenResourcesFiltering - Copying 0 resource from src\test\resources to target\test-classes
2025-02-21 08:39:56,853 [Worker-48: Building] WARN  o.a.m.s.f.DefaultMavenResourcesFiltering - Using platform encoding (UTF-8 actually) to copy filtered resources, i.e. build is platform dependent!
2025-02-21 08:39:56,854 [Worker-48: Building] INFO  o.a.m.s.f.DefaultMavenResourcesFiltering - Copying 3 resources from src\main\resources to target\classes
2025-02-21 08:39:56,861 [Worker-48: Building] WARN  o.a.m.s.f.DefaultMavenResourcesFiltering - Using platform encoding (UTF-8 actually) to copy filtered resources, i.e. build is platform dependent!
2025-02-21 08:39:56,862 [Worker-48: Building] INFO  o.a.m.s.f.DefaultMavenResourcesFiltering - Copying 0 resource from src\test\resources to target\test-classes
2025-02-21 08:40:14,086 [main] INFO  o.e.m2e.actions.ExecutePomAction - Creating new launch configuration
2025-02-21 08:40:21,215 [Worker-45: Launching SecureApp] INFO  o.eclipse.m2e.core.internal.Bundles - getClasspathEntries(Bundle=org.eclipse.m2e.maven.runtime_3.9.900.20240824-1409 [638])
2025-02-21 08:40:21,218 [Worker-45: Launching SecureApp] INFO  o.eclipse.m2e.core.internal.Bundles - 	Entry: C:\Users\vishw\.p2\pool\plugins\org.eclipse.m2e.maven.runtime_3.9.900.20240824-1409
2025-02-21 08:40:21,218 [Worker-45: Launching SecureApp] INFO  o.eclipse.m2e.core.internal.Bundles - 	Entry: C:\Users\vishw\.p2\pool\plugins\org.eclipse.m2e.maven.runtime_3.9.900.20240824-1409\jars\aopalliance-1.0.jar
2025-02-21 08:40:21,218 [Worker-45: Launching SecureApp] INFO  o.eclipse.m2e.core.internal.Bundles - 	Entry: C:\Users\vishw\.p2\pool\plugins\org.eclipse.m2e.maven.runtime_3.9.900.20240824-1409\jars\guice-5.1.0.jar
2025-02-21 08:40:21,219 [Worker-45: Launching SecureApp] INFO  o.eclipse.m2e.core.internal.Bundles - 	Entry: C:\Users\vishw\.p2\pool\plugins\org.eclipse.m2e.maven.runtime_3.9.900.20240824-1409\jars\httpclient-4.5.14.jar
2025-02-21 08:40:21,219 [Worker-45: Launching SecureApp] INFO  o.eclipse.m2e.core.internal.Bundles - 	Entry: C:\Users\vishw\.p2\pool\plugins\org.eclipse.m2e.maven.runtime_3.9.900.20240824-1409\jars\httpcore-4.4.16.jar
2025-02-21 08:40:21,221 [Worker-45: Launching SecureApp] INFO  o.eclipse.m2e.core.internal.Bundles - 	Entry: C:\Users\vishw\.p2\pool\plugins\org.eclipse.m2e.maven.runtime_3.9.900.20240824-1409\jars\jansi-2.4.1.jar
2025-02-21 08:40:21,221 [Worker-45: Launching SecureApp] INFO  o.eclipse.m2e.core.internal.Bundles - 	Entry: C:\Users\vishw\.p2\pool\plugins\org.eclipse.m2e.maven.runtime_3.9.900.20240824-1409\jars\jcl-over-slf4j-1.7.36.jar
2025-02-21 08:40:21,221 [Worker-45: Launching SecureApp] INFO  o.eclipse.m2e.core.internal.Bundles - 	Entry: C:\Users\vishw\.p2\pool\plugins\org.eclipse.m2e.maven.runtime_3.9.900.20240824-1409\jars\maven-artifact-3.9.9.jar
2025-02-21 08:40:21,222 [Worker-45: Launching SecureApp] INFO  o.eclipse.m2e.core.internal.Bundles - 	Entry: C:\Users\vishw\.p2\pool\plugins\org.eclipse.m2e.maven.runtime_3.9.900.20240824-1409\jars\maven-builder-support-3.9.9.jar
2025-02-21 08:40:21,222 [Worker-45: Launching SecureApp] INFO  o.eclipse.m2e.core.internal.Bundles - 	Entry: C:\Users\vishw\.p2\pool\plugins\org.eclipse.m2e.maven.runtime_3.9.900.20240824-1409\jars\maven-compat-3.9.9.jar
2025-02-21 08:40:21,222 [Worker-45: Launching SecureApp] INFO  o.eclipse.m2e.core.internal.Bundles - 	Entry: C:\Users\vishw\.p2\pool\plugins\org.eclipse.m2e.maven.runtime_3.9.900.20240824-1409\jars\maven-core-3.9.9.jar
2025-02-21 08:40:21,223 [Worker-45: Launching SecureApp] INFO  o.eclipse.m2e.core.internal.Bundles - 	Entry: C:\Users\vishw\.p2\pool\plugins\org.eclipse.m2e.maven.runtime_3.9.900.20240824-1409\jars\maven-embedder-3.9.9.jar
2025-02-21 08:40:21,223 [Worker-45: Launching SecureApp] INFO  o.eclipse.m2e.core.internal.Bundles - 	Entry: C:\Users\vishw\.p2\pool\plugins\org.eclipse.m2e.maven.runtime_3.9.900.20240824-1409\jars\maven-model-3.9.9.jar
2025-02-21 08:40:21,223 [Worker-45: Launching SecureApp] INFO  o.eclipse.m2e.core.internal.Bundles - 	Entry: C:\Users\vishw\.p2\pool\plugins\org.eclipse.m2e.maven.runtime_3.9.900.20240824-1409\jars\maven-model-builder-3.9.9.jar
2025-02-21 08:40:21,224 [Worker-45: Launching SecureApp] INFO  o.eclipse.m2e.core.internal.Bundles - 	Entry: C:\Users\vishw\.p2\pool\plugins\org.eclipse.m2e.maven.runtime_3.9.900.20240824-1409\jars\maven-plugin-api-3.9.9.jar
2025-02-21 08:40:21,224 [Worker-45: Launching SecureApp] INFO  o.eclipse.m2e.core.internal.Bundles - 	Entry: C:\Users\vishw\.p2\pool\plugins\org.eclipse.m2e.maven.runtime_3.9.900.20240824-1409\jars\maven-repository-metadata-3.9.9.jar
2025-02-21 08:40:21,224 [Worker-45: Launching SecureApp] INFO  o.eclipse.m2e.core.internal.Bundles - 	Entry: C:\Users\vishw\.p2\pool\plugins\org.eclipse.m2e.maven.runtime_3.9.900.20240824-1409\jars\maven-resolver-api-1.9.22.jar
2025-02-21 08:40:21,225 [Worker-45: Launching SecureApp] INFO  o.eclipse.m2e.core.internal.Bundles - 	Entry: C:\Users\vishw\.p2\pool\plugins\org.eclipse.m2e.maven.runtime_3.9.900.20240824-1409\jars\maven-resolver-connector-basic-1.9.22.jar
2025-02-21 08:40:21,225 [Worker-45: Launching SecureApp] INFO  o.eclipse.m2e.core.internal.Bundles - 	Entry: C:\Users\vishw\.p2\pool\plugins\org.eclipse.m2e.maven.runtime_3.9.900.20240824-1409\jars\maven-resolver-impl-1.9.22.jar
2025-02-21 08:40:21,225 [Worker-45: Launching SecureApp] INFO  o.eclipse.m2e.core.internal.Bundles - 	Entry: C:\Users\vishw\.p2\pool\plugins\org.eclipse.m2e.maven.runtime_3.9.900.20240824-1409\jars\maven-resolver-named-locks-1.9.22.jar
2025-02-21 08:40:21,226 [Worker-45: Launching SecureApp] INFO  o.eclipse.m2e.core.internal.Bundles - 	Entry: C:\Users\vishw\.p2\pool\plugins\org.eclipse.m2e.maven.runtime_3.9.900.20240824-1409\jars\maven-resolver-provider-3.9.9.jar
2025-02-21 08:40:21,226 [Worker-45: Launching SecureApp] INFO  o.eclipse.m2e.core.internal.Bundles - 	Entry: C:\Users\vishw\.p2\pool\plugins\org.eclipse.m2e.maven.runtime_3.9.900.20240824-1409\jars\maven-resolver-spi-1.9.22.jar
2025-02-21 08:40:21,227 [Worker-45: Launching SecureApp] INFO  o.eclipse.m2e.core.internal.Bundles - 	Entry: C:\Users\vishw\.p2\pool\plugins\org.eclipse.m2e.maven.runtime_3.9.900.20240824-1409\jars\maven-resolver-transport-file-1.9.22.jar
2025-02-21 08:40:21,227 [Worker-45: Launching SecureApp] INFO  o.eclipse.m2e.core.internal.Bundles - 	Entry: C:\Users\vishw\.p2\pool\plugins\org.eclipse.m2e.maven.runtime_3.9.900.20240824-1409\jars\maven-resolver-transport-http-1.9.22.jar
2025-02-21 08:40:21,228 [Worker-45: Launching SecureApp] INFO  o.eclipse.m2e.core.internal.Bundles - 	Entry: C:\Users\vishw\.p2\pool\plugins\org.eclipse.m2e.maven.runtime_3.9.900.20240824-1409\jars\maven-resolver-transport-wagon-1.9.22.jar
2025-02-21 08:40:21,228 [Worker-45: Launching SecureApp] INFO  o.eclipse.m2e.core.internal.Bundles - 	Entry: C:\Users\vishw\.p2\pool\plugins\org.eclipse.m2e.maven.runtime_3.9.900.20240824-1409\jars\maven-resolver-util-1.9.22.jar
2025-02-21 08:40:21,228 [Worker-45: Launching SecureApp] INFO  o.eclipse.m2e.core.internal.Bundles - 	Entry: C:\Users\vishw\.p2\pool\plugins\org.eclipse.m2e.maven.runtime_3.9.900.20240824-1409\jars\maven-settings-3.9.9.jar
2025-02-21 08:40:21,229 [Worker-45: Launching SecureApp] INFO  o.eclipse.m2e.core.internal.Bundles - 	Entry: C:\Users\vishw\.p2\pool\plugins\org.eclipse.m2e.maven.runtime_3.9.900.20240824-1409\jars\maven-settings-builder-3.9.9.jar
2025-02-21 08:40:21,229 [Worker-45: Launching SecureApp] INFO  o.eclipse.m2e.core.internal.Bundles - 	Entry: C:\Users\vishw\.p2\pool\plugins\org.eclipse.m2e.maven.runtime_3.9.900.20240824-1409\jars\maven-shared-utils-3.4.2.jar
2025-02-21 08:40:21,229 [Worker-45: Launching SecureApp] INFO  o.eclipse.m2e.core.internal.Bundles - 	Entry: C:\Users\vishw\.p2\pool\plugins\org.eclipse.m2e.maven.runtime_3.9.900.20240824-1409\jars\org.eclipse.sisu.inject-0.9.0.M3.jar
2025-02-21 08:40:21,230 [Worker-45: Launching SecureApp] INFO  o.eclipse.m2e.core.internal.Bundles - 	Entry: C:\Users\vishw\.p2\pool\plugins\org.eclipse.m2e.maven.runtime_3.9.900.20240824-1409\jars\org.eclipse.sisu.plexus-0.9.0.M3.jar
2025-02-21 08:40:21,231 [Worker-45: Launching SecureApp] INFO  o.eclipse.m2e.core.internal.Bundles - 	Entry: C:\Users\vishw\.p2\pool\plugins\org.eclipse.m2e.maven.runtime_3.9.900.20240824-1409\jars\plexus-build-api-0.0.7.jar
2025-02-21 08:40:21,242 [Worker-45: Launching SecureApp] INFO  o.eclipse.m2e.core.internal.Bundles - 	Entry: C:\Users\vishw\.p2\pool\plugins\org.eclipse.m2e.maven.runtime_3.9.900.20240824-1409\jars\plexus-build-api-1.2.0.jar
2025-02-21 08:40:21,243 [Worker-45: Launching SecureApp] INFO  o.eclipse.m2e.core.internal.Bundles - 	Entry: C:\Users\vishw\.p2\pool\plugins\org.eclipse.m2e.maven.runtime_3.9.900.20240824-1409\jars\plexus-cipher-2.0.jar
2025-02-21 08:40:21,243 [Worker-45: Launching SecureApp] INFO  o.eclipse.m2e.core.internal.Bundles - 	Entry: C:\Users\vishw\.p2\pool\plugins\org.eclipse.m2e.maven.runtime_3.9.900.20240824-1409\jars\plexus-classworlds-2.8.0.jar
2025-02-21 08:40:21,243 [Worker-45: Launching SecureApp] INFO  o.eclipse.m2e.core.internal.Bundles - 	Entry: C:\Users\vishw\.p2\pool\plugins\org.eclipse.m2e.maven.runtime_3.9.900.20240824-1409\jars\plexus-component-annotations-2.1.0.jar
2025-02-21 08:40:21,244 [Worker-45: Launching SecureApp] INFO  o.eclipse.m2e.core.internal.Bundles - 	Entry: C:\Users\vishw\.p2\pool\plugins\org.eclipse.m2e.maven.runtime_3.9.900.20240824-1409\jars\plexus-interpolation-1.27.jar
2025-02-21 08:40:21,244 [Worker-45: Launching SecureApp] INFO  o.eclipse.m2e.core.internal.Bundles - 	Entry: C:\Users\vishw\.p2\pool\plugins\org.eclipse.m2e.maven.runtime_3.9.900.20240824-1409\jars\plexus-sec-dispatcher-2.0.jar
2025-02-21 08:40:21,244 [Worker-45: Launching SecureApp] INFO  o.eclipse.m2e.core.internal.Bundles - 	Entry: C:\Users\vishw\.p2\pool\plugins\org.eclipse.m2e.maven.runtime_3.9.900.20240824-1409\jars\plexus-utils-3.5.1.jar
2025-02-21 08:40:21,245 [Worker-45: Launching SecureApp] INFO  o.eclipse.m2e.core.internal.Bundles - 	Entry: C:\Users\vishw\.p2\pool\plugins\org.eclipse.m2e.maven.runtime_3.9.900.20240824-1409\jars\plexus-xml-3.0.1.jar
2025-02-21 08:40:21,246 [Worker-45: Launching SecureApp] INFO  o.eclipse.m2e.core.internal.Bundles - 	Entry: C:\Users\vishw\.p2\pool\plugins\org.eclipse.m2e.maven.runtime_3.9.900.20240824-1409\jars\wagon-file-3.5.3.jar
2025-02-21 08:40:21,247 [Worker-45: Launching SecureApp] INFO  o.eclipse.m2e.core.internal.Bundles - 	Entry: C:\Users\vishw\.p2\pool\plugins\org.eclipse.m2e.maven.runtime_3.9.900.20240824-1409\jars\wagon-http-3.5.3.jar
2025-02-21 08:40:21,247 [Worker-45: Launching SecureApp] INFO  o.eclipse.m2e.core.internal.Bundles - 	Entry: C:\Users\vishw\.p2\pool\plugins\org.eclipse.m2e.maven.runtime_3.9.900.20240824-1409\jars\wagon-http-shared-3.5.3.jar
2025-02-21 08:40:21,247 [Worker-45: Launching SecureApp] INFO  o.eclipse.m2e.core.internal.Bundles - 	Entry: C:\Users\vishw\.p2\pool\plugins\org.eclipse.m2e.maven.runtime_3.9.900.20240824-1409\jars\wagon-provider-api-3.5.3.jar
2025-02-21 08:40:21,249 [Worker-45: Launching SecureApp] INFO  o.eclipse.m2e.core.internal.Bundles - getClasspathEntries(Bundle=com.google.guava_33.3.1.jre [16])
2025-02-21 08:40:21,251 [Worker-45: Launching SecureApp] INFO  o.eclipse.m2e.core.internal.Bundles - 	Entry: C:\Users\vishw\.p2\pool\plugins\com.google.guava_33.3.1.jre.jar
2025-02-21 08:40:21,256 [Worker-45: Launching SecureApp] INFO  o.eclipse.m2e.core.internal.Bundles - getClasspathEntries(Bundle=slf4j.api_2.0.16 [1005])
2025-02-21 08:40:21,256 [Worker-45: Launching SecureApp] INFO  o.eclipse.m2e.core.internal.Bundles - 	Entry: C:\Users\vishw\.p2\pool\plugins\slf4j.api_2.0.16.jar
2025-02-21 08:40:21,257 [Worker-45: Launching SecureApp] INFO  o.eclipse.m2e.core.internal.Bundles - getClasspathEntries(Bundle=jakarta.inject.jakarta.inject-api_1.0.5 [34])
2025-02-21 08:40:21,258 [Worker-45: Launching SecureApp] INFO  o.eclipse.m2e.core.internal.Bundles - 	Entry: C:\Users\vishw\.p2\pool\plugins\jakarta.inject.jakarta.inject-api_1.0.5.jar
2025-02-21 08:40:21,258 [Worker-45: Launching SecureApp] INFO  o.eclipse.m2e.core.internal.Bundles - getClasspathEntries(Bundle=jakarta.annotation-api_1.3.5 [29])
2025-02-21 08:40:21,258 [Worker-45: Launching SecureApp] INFO  o.eclipse.m2e.core.internal.Bundles - 	Entry: C:\Users\vishw\.p2\pool\plugins\jakarta.annotation-api_1.3.5.jar
2025-02-21 08:40:21,259 [Worker-45: Launching SecureApp] INFO  o.eclipse.m2e.core.internal.Bundles - getClasspathEntries(Bundle=org.apache.commons.cli_1.9.0 [75])
2025-02-21 08:40:21,259 [Worker-45: Launching SecureApp] INFO  o.eclipse.m2e.core.internal.Bundles - 	Entry: C:\Users\vishw\.p2\pool\plugins\org.apache.commons.cli_1.9.0.jar
2025-02-21 08:40:21,259 [Worker-45: Launching SecureApp] INFO  o.eclipse.m2e.core.internal.Bundles - getClasspathEntries(Bundle=org.apache.commons.commons-codec_1.16.0 [78])
2025-02-21 08:40:21,260 [Worker-45: Launching SecureApp] INFO  o.eclipse.m2e.core.internal.Bundles - 	Entry: C:\Users\vishw\.p2\pool\plugins\org.apache.commons.commons-codec_1.16.0.jar
2025-02-21 08:40:21,260 [Worker-45: Launching SecureApp] INFO  o.eclipse.m2e.core.internal.Bundles - getClasspathEntries(Bundle=com.google.guava.failureaccess_1.0.2 [17])
2025-02-21 08:40:21,261 [Worker-45: Launching SecureApp] INFO  o.eclipse.m2e.core.internal.Bundles - 	Entry: C:\Users\vishw\.p2\pool\plugins\com.google.guava.failureaccess_1.0.2.jar
2025-02-21 08:40:21,266 [Worker-45: Launching SecureApp] INFO  o.e.m.i.launch.MavenLaunchDelegate - Run build in "D:\projects\presi_proj\SecureApp":
2025-02-21 08:40:21,266 [Worker-45: Launching SecureApp] INFO  o.e.m.i.launch.MavenLaunchDelegate -  mvn  -B -Dstyle.color=always 
2025-02-21 08:40:21,520 [Worker-52: Building] WARN  o.a.m.s.f.DefaultMavenResourcesFiltering - Using platform encoding (UTF-8 actually) to copy filtered resources, i.e. build is platform dependent!
2025-02-21 08:40:21,523 [Worker-52: Building] INFO  o.a.m.s.f.DefaultMavenResourcesFiltering - Copying 3 resources from src\main\resources to target\classes
2025-02-21 08:40:21,528 [Worker-52: Building] WARN  o.a.m.s.f.DefaultMavenResourcesFiltering - Using platform encoding (UTF-8 actually) to copy filtered resources, i.e. build is platform dependent!
2025-02-21 08:40:21,531 [Worker-52: Building] INFO  o.a.m.s.f.DefaultMavenResourcesFiltering - Copying 0 resource from src\test\resources to target\test-classes
2025-02-21 08:45:40,195 [Worker-54: Building] INFO  o.e.m.c.i.l.LifecycleMappingFactory - Using org.eclipse.m2e.jdt.JarLifecycleMapping lifecycle mapping for MavenProject: com.yourname:SecureApp:0.0.1-SNAPSHOT @ D:\projects\presi_proj\SecureApp\pom.xml.
2025-02-21 08:45:40,202 [Worker-54: Building] WARN  o.a.m.r.i.DefaultArtifactDescriptorReader - 6 problems were encountered while building the effective model for org.openjfx:javafx-controls:jar:21 during dependency collection step for project (use -X to see details)
2025-02-21 08:45:40,402 [Worker-54: Building] WARN  o.a.m.s.f.DefaultMavenResourcesFiltering - Using platform encoding (UTF-8 actually) to copy filtered resources, i.e. build is platform dependent!
2025-02-21 08:45:40,406 [Worker-54: Building] INFO  o.a.m.s.f.DefaultMavenResourcesFiltering - Copying 0 resource from src\main\resources to target\classes
2025-02-21 08:45:40,410 [Worker-54: Building] WARN  o.a.m.s.f.DefaultMavenResourcesFiltering - Using platform encoding (UTF-8 actually) to copy filtered resources, i.e. build is platform dependent!
2025-02-21 08:45:40,413 [Worker-54: Building] INFO  o.a.m.s.f.DefaultMavenResourcesFiltering - Copying 0 resource from src\test\resources to target\test-classes
2025-02-21 08:45:42,075 [Worker-55: Building] WARN  o.a.m.s.f.DefaultMavenResourcesFiltering - Using platform encoding (UTF-8 actually) to copy filtered resources, i.e. build is platform dependent!
2025-02-21 08:45:42,077 [Worker-55: Building] INFO  o.a.m.s.f.DefaultMavenResourcesFiltering - Copying 3 resources from src\main\resources to target\classes
2025-02-21 08:45:42,106 [Worker-55: Building] WARN  o.a.m.s.f.DefaultMavenResourcesFiltering - Using platform encoding (UTF-8 actually) to copy filtered resources, i.e. build is platform dependent!
2025-02-21 08:45:42,107 [Worker-55: Building] INFO  o.a.m.s.f.DefaultMavenResourcesFiltering - Copying 0 resource from src\test\resources to target\test-classes
2025-02-21 08:45:43,459 [Worker-55: Building] INFO  o.e.m.c.i.l.LifecycleMappingFactory - Using org.eclipse.m2e.jdt.JarLifecycleMapping lifecycle mapping for MavenProject: com.yourname:SecureApp:0.0.1-SNAPSHOT @ D:\projects\presi_proj\SecureApp\pom.xml.
2025-02-21 08:45:43,466 [Worker-55: Building] WARN  o.a.m.r.i.DefaultArtifactDescriptorReader - 6 problems were encountered while building the effective model for org.openjfx:javafx-controls:jar:21 during dependency collection step for project (use -X to see details)
2025-02-21 08:45:43,604 [Worker-55: Building] WARN  o.a.m.s.f.DefaultMavenResourcesFiltering - Using platform encoding (UTF-8 actually) to copy filtered resources, i.e. build is platform dependent!
2025-02-21 08:45:43,607 [Worker-55: Building] INFO  o.a.m.s.f.DefaultMavenResourcesFiltering - Copying 0 resource from src\main\resources to target\classes
2025-02-21 08:45:43,609 [Worker-55: Building] WARN  o.a.m.s.f.DefaultMavenResourcesFiltering - Using platform encoding (UTF-8 actually) to copy filtered resources, i.e. build is platform dependent!
2025-02-21 08:45:43,611 [Worker-55: Building] INFO  o.a.m.s.f.DefaultMavenResourcesFiltering - Copying 0 resource from src\test\resources to target\test-classes
2025-02-21 08:47:27,194 [Worker-54: Building] WARN  o.a.m.s.f.DefaultMavenResourcesFiltering - Using platform encoding (UTF-8 actually) to copy filtered resources, i.e. build is platform dependent!
2025-02-21 08:47:27,196 [Worker-54: Building] INFO  o.a.m.s.f.DefaultMavenResourcesFiltering - Copying 3 resources from src\main\resources to target\classes
2025-02-21 08:47:27,204 [Worker-54: Building] WARN  o.a.m.s.f.DefaultMavenResourcesFiltering - Using platform encoding (UTF-8 actually) to copy filtered resources, i.e. build is platform dependent!
2025-02-21 08:47:27,206 [Worker-54: Building] INFO  o.a.m.s.f.DefaultMavenResourcesFiltering - Copying 0 resource from src\test\resources to target\test-classes
2025-02-21 08:49:00,743 [Worker-50: Building] WARN  o.a.m.s.f.DefaultMavenResourcesFiltering - Using platform encoding (UTF-8 actually) to copy filtered resources, i.e. build is platform dependent!
2025-02-21 08:49:00,746 [Worker-50: Building] INFO  o.a.m.s.f.DefaultMavenResourcesFiltering - Copying 3 resources from src\main\resources to target\classes
2025-02-21 08:49:00,749 [Worker-50: Building] WARN  o.a.m.s.f.DefaultMavenResourcesFiltering - Using platform encoding (UTF-8 actually) to copy filtered resources, i.e. build is platform dependent!
2025-02-21 08:49:00,750 [Worker-50: Building] INFO  o.a.m.s.f.DefaultMavenResourcesFiltering - Copying 0 resource from src\test\resources to target\test-classes
2025-02-21 08:49:09,376 [Worker-50: Building] WARN  o.a.m.s.f.DefaultMavenResourcesFiltering - Using platform encoding (UTF-8 actually) to copy filtered resources, i.e. build is platform dependent!
2025-02-21 08:49:09,378 [Worker-50: Building] INFO  o.a.m.s.f.DefaultMavenResourcesFiltering - Copying 3 resources from src\main\resources to target\classes
2025-02-21 08:49:09,381 [Worker-50: Building] WARN  o.a.m.s.f.DefaultMavenResourcesFiltering - Using platform encoding (UTF-8 actually) to copy filtered resources, i.e. build is platform dependent!
2025-02-21 08:49:09,382 [Worker-50: Building] INFO  o.a.m.s.f.DefaultMavenResourcesFiltering - Copying 0 resource from src\test\resources to target\test-classes
2025-02-21 08:49:11,653 [Worker-47: Building] WARN  o.a.m.s.f.DefaultMavenResourcesFiltering - Using platform encoding (UTF-8 actually) to copy filtered resources, i.e. build is platform dependent!
2025-02-21 08:49:11,655 [Worker-47: Building] INFO  o.a.m.s.f.DefaultMavenResourcesFiltering - Copying 3 resources from src\main\resources to target\classes
2025-02-21 08:49:11,660 [Worker-47: Building] WARN  o.a.m.s.f.DefaultMavenResourcesFiltering - Using platform encoding (UTF-8 actually) to copy filtered resources, i.e. build is platform dependent!
2025-02-21 08:49:11,662 [Worker-47: Building] INFO  o.a.m.s.f.DefaultMavenResourcesFiltering - Copying 0 resource from src\test\resources to target\test-classes
2025-02-21 08:49:16,385 [Worker-54: Building] WARN  o.a.m.s.f.DefaultMavenResourcesFiltering - Using platform encoding (UTF-8 actually) to copy filtered resources, i.e. build is platform dependent!
2025-02-21 08:49:16,387 [Worker-54: Building] INFO  o.a.m.s.f.DefaultMavenResourcesFiltering - Copying 3 resources from src\main\resources to target\classes
2025-02-21 08:49:16,390 [Worker-54: Building] WARN  o.a.m.s.f.DefaultMavenResourcesFiltering - Using platform encoding (UTF-8 actually) to copy filtered resources, i.e. build is platform dependent!
2025-02-21 08:49:16,391 [Worker-54: Building] INFO  o.a.m.s.f.DefaultMavenResourcesFiltering - Copying 0 resource from src\test\resources to target\test-classes
2025-02-21 08:49:25,821 [Worker-50: Building] WARN  o.a.m.s.f.DefaultMavenResourcesFiltering - Using platform encoding (UTF-8 actually) to copy filtered resources, i.e. build is platform dependent!
2025-02-21 08:49:25,823 [Worker-50: Building] INFO  o.a.m.s.f.DefaultMavenResourcesFiltering - Copying 3 resources from src\main\resources to target\classes
2025-02-21 08:49:25,826 [Worker-50: Building] WARN  o.a.m.s.f.DefaultMavenResourcesFiltering - Using platform encoding (UTF-8 actually) to copy filtered resources, i.e. build is platform dependent!
2025-02-21 08:49:25,827 [Worker-50: Building] INFO  o.a.m.s.f.DefaultMavenResourcesFiltering - Copying 0 resource from src\test\resources to target\test-classes
2025-02-21 10:20:54,967 [Worker-61: Launching SecureApp] INFO  o.eclipse.m2e.core.internal.Bundles - getClasspathEntries(Bundle=org.eclipse.m2e.maven.runtime_3.9.900.20240824-1409 [638])
2025-02-21 10:20:54,972 [Worker-61: Launching SecureApp] INFO  o.eclipse.m2e.core.internal.Bundles - 	Entry: C:\Users\vishw\.p2\pool\plugins\org.eclipse.m2e.maven.runtime_3.9.900.20240824-1409
2025-02-21 10:20:54,972 [Worker-61: Launching SecureApp] INFO  o.eclipse.m2e.core.internal.Bundles - 	Entry: C:\Users\vishw\.p2\pool\plugins\org.eclipse.m2e.maven.runtime_3.9.900.20240824-1409\jars\aopalliance-1.0.jar
2025-02-21 10:20:54,972 [Worker-61: Launching SecureApp] INFO  o.eclipse.m2e.core.internal.Bundles - 	Entry: C:\Users\vishw\.p2\pool\plugins\org.eclipse.m2e.maven.runtime_3.9.900.20240824-1409\jars\guice-5.1.0.jar
2025-02-21 10:20:54,972 [Worker-61: Launching SecureApp] INFO  o.eclipse.m2e.core.internal.Bundles - 	Entry: C:\Users\vishw\.p2\pool\plugins\org.eclipse.m2e.maven.runtime_3.9.900.20240824-1409\jars\httpclient-4.5.14.jar
2025-02-21 10:20:54,972 [Worker-61: Launching SecureApp] INFO  o.eclipse.m2e.core.internal.Bundles - 	Entry: C:\Users\vishw\.p2\pool\plugins\org.eclipse.m2e.maven.runtime_3.9.900.20240824-1409\jars\httpcore-4.4.16.jar
2025-02-21 10:20:54,974 [Worker-61: Launching SecureApp] INFO  o.eclipse.m2e.core.internal.Bundles - 	Entry: C:\Users\vishw\.p2\pool\plugins\org.eclipse.m2e.maven.runtime_3.9.900.20240824-1409\jars\jansi-2.4.1.jar
2025-02-21 10:20:54,974 [Worker-61: Launching SecureApp] INFO  o.eclipse.m2e.core.internal.Bundles - 	Entry: C:\Users\vishw\.p2\pool\plugins\org.eclipse.m2e.maven.runtime_3.9.900.20240824-1409\jars\jcl-over-slf4j-1.7.36.jar
2025-02-21 10:20:54,974 [Worker-61: Launching SecureApp] INFO  o.eclipse.m2e.core.internal.Bundles - 	Entry: C:\Users\vishw\.p2\pool\plugins\org.eclipse.m2e.maven.runtime_3.9.900.20240824-1409\jars\maven-artifact-3.9.9.jar
2025-02-21 10:20:54,974 [Worker-61: Launching SecureApp] INFO  o.eclipse.m2e.core.internal.Bundles - 	Entry: C:\Users\vishw\.p2\pool\plugins\org.eclipse.m2e.maven.runtime_3.9.900.20240824-1409\jars\maven-builder-support-3.9.9.jar
2025-02-21 10:20:54,974 [Worker-61: Launching SecureApp] INFO  o.eclipse.m2e.core.internal.Bundles - 	Entry: C:\Users\vishw\.p2\pool\plugins\org.eclipse.m2e.maven.runtime_3.9.900.20240824-1409\jars\maven-compat-3.9.9.jar
2025-02-21 10:20:54,974 [Worker-61: Launching SecureApp] INFO  o.eclipse.m2e.core.internal.Bundles - 	Entry: C:\Users\vishw\.p2\pool\plugins\org.eclipse.m2e.maven.runtime_3.9.900.20240824-1409\jars\maven-core-3.9.9.jar
2025-02-21 10:20:54,976 [Worker-61: Launching SecureApp] INFO  o.eclipse.m2e.core.internal.Bundles - 	Entry: C:\Users\vishw\.p2\pool\plugins\org.eclipse.m2e.maven.runtime_3.9.900.20240824-1409\jars\maven-embedder-3.9.9.jar
2025-02-21 10:20:54,976 [Worker-61: Launching SecureApp] INFO  o.eclipse.m2e.core.internal.Bundles - 	Entry: C:\Users\vishw\.p2\pool\plugins\org.eclipse.m2e.maven.runtime_3.9.900.20240824-1409\jars\maven-model-3.9.9.jar
2025-02-21 10:20:54,976 [Worker-61: Launching SecureApp] INFO  o.eclipse.m2e.core.internal.Bundles - 	Entry: C:\Users\vishw\.p2\pool\plugins\org.eclipse.m2e.maven.runtime_3.9.900.20240824-1409\jars\maven-model-builder-3.9.9.jar
2025-02-21 10:20:54,976 [Worker-61: Launching SecureApp] INFO  o.eclipse.m2e.core.internal.Bundles - 	Entry: C:\Users\vishw\.p2\pool\plugins\org.eclipse.m2e.maven.runtime_3.9.900.20240824-1409\jars\maven-plugin-api-3.9.9.jar
2025-02-21 10:20:54,976 [Worker-61: Launching SecureApp] INFO  o.eclipse.m2e.core.internal.Bundles - 	Entry: C:\Users\vishw\.p2\pool\plugins\org.eclipse.m2e.maven.runtime_3.9.900.20240824-1409\jars\maven-repository-metadata-3.9.9.jar
2025-02-21 10:20:54,976 [Worker-61: Launching SecureApp] INFO  o.eclipse.m2e.core.internal.Bundles - 	Entry: C:\Users\vishw\.p2\pool\plugins\org.eclipse.m2e.maven.runtime_3.9.900.20240824-1409\jars\maven-resolver-api-1.9.22.jar
2025-02-21 10:20:54,978 [Worker-61: Launching SecureApp] INFO  o.eclipse.m2e.core.internal.Bundles - 	Entry: C:\Users\vishw\.p2\pool\plugins\org.eclipse.m2e.maven.runtime_3.9.900.20240824-1409\jars\maven-resolver-connector-basic-1.9.22.jar
2025-02-21 10:20:54,978 [Worker-61: Launching SecureApp] INFO  o.eclipse.m2e.core.internal.Bundles - 	Entry: C:\Users\vishw\.p2\pool\plugins\org.eclipse.m2e.maven.runtime_3.9.900.20240824-1409\jars\maven-resolver-impl-1.9.22.jar
2025-02-21 10:20:54,978 [Worker-61: Launching SecureApp] INFO  o.eclipse.m2e.core.internal.Bundles - 	Entry: C:\Users\vishw\.p2\pool\plugins\org.eclipse.m2e.maven.runtime_3.9.900.20240824-1409\jars\maven-resolver-named-locks-1.9.22.jar
2025-02-21 10:20:54,978 [Worker-61: Launching SecureApp] INFO  o.eclipse.m2e.core.internal.Bundles - 	Entry: C:\Users\vishw\.p2\pool\plugins\org.eclipse.m2e.maven.runtime_3.9.900.20240824-1409\jars\maven-resolver-provider-3.9.9.jar
2025-02-21 10:20:54,978 [Worker-61: Launching SecureApp] INFO  o.eclipse.m2e.core.internal.Bundles - 	Entry: C:\Users\vishw\.p2\pool\plugins\org.eclipse.m2e.maven.runtime_3.9.900.20240824-1409\jars\maven-resolver-spi-1.9.22.jar
2025-02-21 10:20:54,980 [Worker-61: Launching SecureApp] INFO  o.eclipse.m2e.core.internal.Bundles - 	Entry: C:\Users\vishw\.p2\pool\plugins\org.eclipse.m2e.maven.runtime_3.9.900.20240824-1409\jars\maven-resolver-transport-file-1.9.22.jar
2025-02-21 10:20:54,980 [Worker-61: Launching SecureApp] INFO  o.eclipse.m2e.core.internal.Bundles - 	Entry: C:\Users\vishw\.p2\pool\plugins\org.eclipse.m2e.maven.runtime_3.9.900.20240824-1409\jars\maven-resolver-transport-http-1.9.22.jar
2025-02-21 10:20:54,980 [Worker-61: Launching SecureApp] INFO  o.eclipse.m2e.core.internal.Bundles - 	Entry: C:\Users\vishw\.p2\pool\plugins\org.eclipse.m2e.maven.runtime_3.9.900.20240824-1409\jars\maven-resolver-transport-wagon-1.9.22.jar
2025-02-21 10:20:54,980 [Worker-61: Launching SecureApp] INFO  o.eclipse.m2e.core.internal.Bundles - 	Entry: C:\Users\vishw\.p2\pool\plugins\org.eclipse.m2e.maven.runtime_3.9.900.20240824-1409\jars\maven-resolver-util-1.9.22.jar
2025-02-21 10:20:54,980 [Worker-61: Launching SecureApp] INFO  o.eclipse.m2e.core.internal.Bundles - 	Entry: C:\Users\vishw\.p2\pool\plugins\org.eclipse.m2e.maven.runtime_3.9.900.20240824-1409\jars\maven-settings-3.9.9.jar
2025-02-21 10:20:54,980 [Worker-61: Launching SecureApp] INFO  o.eclipse.m2e.core.internal.Bundles - 	Entry: C:\Users\vishw\.p2\pool\plugins\org.eclipse.m2e.maven.runtime_3.9.900.20240824-1409\jars\maven-settings-builder-3.9.9.jar
2025-02-21 10:20:54,982 [Worker-61: Launching SecureApp] INFO  o.eclipse.m2e.core.internal.Bundles - 	Entry: C:\Users\vishw\.p2\pool\plugins\org.eclipse.m2e.maven.runtime_3.9.900.20240824-1409\jars\maven-shared-utils-3.4.2.jar
2025-02-21 10:20:54,982 [Worker-61: Launching SecureApp] INFO  o.eclipse.m2e.core.internal.Bundles - 	Entry: C:\Users\vishw\.p2\pool\plugins\org.eclipse.m2e.maven.runtime_3.9.900.20240824-1409\jars\org.eclipse.sisu.inject-0.9.0.M3.jar
2025-02-21 10:20:54,982 [Worker-61: Launching SecureApp] INFO  o.eclipse.m2e.core.internal.Bundles - 	Entry: C:\Users\vishw\.p2\pool\plugins\org.eclipse.m2e.maven.runtime_3.9.900.20240824-1409\jars\org.eclipse.sisu.plexus-0.9.0.M3.jar
2025-02-21 10:20:54,982 [Worker-61: Launching SecureApp] INFO  o.eclipse.m2e.core.internal.Bundles - 	Entry: C:\Users\vishw\.p2\pool\plugins\org.eclipse.m2e.maven.runtime_3.9.900.20240824-1409\jars\plexus-build-api-0.0.7.jar
2025-02-21 10:20:54,984 [Worker-61: Launching SecureApp] INFO  o.eclipse.m2e.core.internal.Bundles - 	Entry: C:\Users\vishw\.p2\pool\plugins\org.eclipse.m2e.maven.runtime_3.9.900.20240824-1409\jars\plexus-build-api-1.2.0.jar
2025-02-21 10:20:54,984 [Worker-61: Launching SecureApp] INFO  o.eclipse.m2e.core.internal.Bundles - 	Entry: C:\Users\vishw\.p2\pool\plugins\org.eclipse.m2e.maven.runtime_3.9.900.20240824-1409\jars\plexus-cipher-2.0.jar
2025-02-21 10:20:54,984 [Worker-61: Launching SecureApp] INFO  o.eclipse.m2e.core.internal.Bundles - 	Entry: C:\Users\vishw\.p2\pool\plugins\org.eclipse.m2e.maven.runtime_3.9.900.20240824-1409\jars\plexus-classworlds-2.8.0.jar
2025-02-21 10:20:54,984 [Worker-61: Launching SecureApp] INFO  o.eclipse.m2e.core.internal.Bundles - 	Entry: C:\Users\vishw\.p2\pool\plugins\org.eclipse.m2e.maven.runtime_3.9.900.20240824-1409\jars\plexus-component-annotations-2.1.0.jar
2025-02-21 10:20:54,984 [Worker-61: Launching SecureApp] INFO  o.eclipse.m2e.core.internal.Bundles - 	Entry: C:\Users\vishw\.p2\pool\plugins\org.eclipse.m2e.maven.runtime_3.9.900.20240824-1409\jars\plexus-interpolation-1.27.jar
2025-02-21 10:20:54,986 [Worker-61: Launching SecureApp] INFO  o.eclipse.m2e.core.internal.Bundles - 	Entry: C:\Users\vishw\.p2\pool\plugins\org.eclipse.m2e.maven.runtime_3.9.900.20240824-1409\jars\plexus-sec-dispatcher-2.0.jar
2025-02-21 10:20:54,986 [Worker-61: Launching SecureApp] INFO  o.eclipse.m2e.core.internal.Bundles - 	Entry: C:\Users\vishw\.p2\pool\plugins\org.eclipse.m2e.maven.runtime_3.9.900.20240824-1409\jars\plexus-utils-3.5.1.jar
2025-02-21 10:20:54,986 [Worker-61: Launching SecureApp] INFO  o.eclipse.m2e.core.internal.Bundles - 	Entry: C:\Users\vishw\.p2\pool\plugins\org.eclipse.m2e.maven.runtime_3.9.900.20240824-1409\jars\plexus-xml-3.0.1.jar
2025-02-21 10:20:54,986 [Worker-61: Launching SecureApp] INFO  o.eclipse.m2e.core.internal.Bundles - 	Entry: C:\Users\vishw\.p2\pool\plugins\org.eclipse.m2e.maven.runtime_3.9.900.20240824-1409\jars\wagon-file-3.5.3.jar
2025-02-21 10:20:54,986 [Worker-61: Launching SecureApp] INFO  o.eclipse.m2e.core.internal.Bundles - 	Entry: C:\Users\vishw\.p2\pool\plugins\org.eclipse.m2e.maven.runtime_3.9.900.20240824-1409\jars\wagon-http-3.5.3.jar
2025-02-21 10:20:54,988 [Worker-61: Launching SecureApp] INFO  o.eclipse.m2e.core.internal.Bundles - 	Entry: C:\Users\vishw\.p2\pool\plugins\org.eclipse.m2e.maven.runtime_3.9.900.20240824-1409\jars\wagon-http-shared-3.5.3.jar
2025-02-21 10:20:54,988 [Worker-61: Launching SecureApp] INFO  o.eclipse.m2e.core.internal.Bundles - 	Entry: C:\Users\vishw\.p2\pool\plugins\org.eclipse.m2e.maven.runtime_3.9.900.20240824-1409\jars\wagon-provider-api-3.5.3.jar
2025-02-21 10:20:54,988 [Worker-61: Launching SecureApp] INFO  o.eclipse.m2e.core.internal.Bundles - getClasspathEntries(Bundle=com.google.guava_33.3.1.jre [16])
2025-02-21 10:20:54,990 [Worker-61: Launching SecureApp] INFO  o.eclipse.m2e.core.internal.Bundles - 	Entry: C:\Users\vishw\.p2\pool\plugins\com.google.guava_33.3.1.jre.jar
2025-02-21 10:20:54,990 [Worker-61: Launching SecureApp] INFO  o.eclipse.m2e.core.internal.Bundles - getClasspathEntries(Bundle=slf4j.api_2.0.16 [1005])
2025-02-21 10:20:54,990 [Worker-61: Launching SecureApp] INFO  o.eclipse.m2e.core.internal.Bundles - 	Entry: C:\Users\vishw\.p2\pool\plugins\slf4j.api_2.0.16.jar
2025-02-21 10:20:54,990 [Worker-61: Launching SecureApp] INFO  o.eclipse.m2e.core.internal.Bundles - getClasspathEntries(Bundle=jakarta.inject.jakarta.inject-api_1.0.5 [34])
2025-02-21 10:20:54,992 [Worker-61: Launching SecureApp] INFO  o.eclipse.m2e.core.internal.Bundles - 	Entry: C:\Users\vishw\.p2\pool\plugins\jakarta.inject.jakarta.inject-api_1.0.5.jar
2025-02-21 10:20:54,992 [Worker-61: Launching SecureApp] INFO  o.eclipse.m2e.core.internal.Bundles - getClasspathEntries(Bundle=jakarta.annotation-api_1.3.5 [29])
2025-02-21 10:20:54,992 [Worker-61: Launching SecureApp] INFO  o.eclipse.m2e.core.internal.Bundles - 	Entry: C:\Users\vishw\.p2\pool\plugins\jakarta.annotation-api_1.3.5.jar
2025-02-21 10:20:54,992 [Worker-61: Launching SecureApp] INFO  o.eclipse.m2e.core.internal.Bundles - getClasspathEntries(Bundle=org.apache.commons.cli_1.9.0 [75])
2025-02-21 10:20:54,994 [Worker-61: Launching SecureApp] INFO  o.eclipse.m2e.core.internal.Bundles - 	Entry: C:\Users\vishw\.p2\pool\plugins\org.apache.commons.cli_1.9.0.jar
2025-02-21 10:20:54,994 [Worker-61: Launching SecureApp] INFO  o.eclipse.m2e.core.internal.Bundles - getClasspathEntries(Bundle=org.apache.commons.commons-codec_1.16.0 [78])
2025-02-21 10:20:54,994 [Worker-61: Launching SecureApp] INFO  o.eclipse.m2e.core.internal.Bundles - 	Entry: C:\Users\vishw\.p2\pool\plugins\org.apache.commons.commons-codec_1.16.0.jar
2025-02-21 10:20:54,994 [Worker-61: Launching SecureApp] INFO  o.eclipse.m2e.core.internal.Bundles - getClasspathEntries(Bundle=com.google.guava.failureaccess_1.0.2 [17])
2025-02-21 10:20:54,996 [Worker-61: Launching SecureApp] INFO  o.eclipse.m2e.core.internal.Bundles - 	Entry: C:\Users\vishw\.p2\pool\plugins\com.google.guava.failureaccess_1.0.2.jar
2025-02-21 10:20:54,998 [Worker-61: Launching SecureApp] INFO  o.e.m.i.launch.MavenLaunchDelegate - Run build in "D:\projects\presi_proj\SecureApp":
2025-02-21 10:20:54,998 [Worker-61: Launching SecureApp] INFO  o.e.m.i.launch.MavenLaunchDelegate -  mvn  -B -Dstyle.color=always 
2025-02-23 19:47:52,426 [Worker-5: Loading available Gradle versions] INFO  o.e.b.c.i.u.g.PublishedGradleVersions - Gradle version information cache is out-of-date. Trying to update.
2025-02-23 19:47:53,000 [Worker-3: reload maven project] WARN  o.a.m.r.i.DefaultArtifactDescriptorReader - 6 problems were encountered while building the effective model for org.openjfx:javafx-controls:jar:21 during dependency collection step for project (use -X to see details)
2025-02-23 19:47:53,714 [Worker-5: Loading available Gradle versions] INFO  o.e.b.c.i.u.g.PublishedGradleVersions - Updating Gradle version information cache failed. Using outdated cache.
2025-02-23 19:47:56,647 [Worker-8: Building] WARN  o.a.m.s.f.DefaultMavenResourcesFiltering - Using platform encoding (UTF-8 actually) to copy filtered resources, i.e. build is platform dependent!
2025-02-23 19:47:56,655 [Worker-8: Building] INFO  o.a.m.s.f.DefaultMavenResourcesFiltering - Copying 3 resources from src\main\resources to target\classes
2025-02-23 19:47:56,663 [Worker-8: Building] WARN  o.a.m.s.f.DefaultMavenResourcesFiltering - Using platform encoding (UTF-8 actually) to copy filtered resources, i.e. build is platform dependent!
2025-02-23 19:47:56,663 [Worker-8: Building] INFO  o.a.m.s.f.DefaultMavenResourcesFiltering - Copying 0 resource from src\test\resources to target\test-classes
2025-02-23 19:47:59,017 [Worker-26: Launching SecureApp] INFO  o.eclipse.m2e.core.internal.Bundles - getClasspathEntries(Bundle=org.eclipse.m2e.maven.runtime_3.9.900.20240824-1409 [638])
2025-02-23 19:47:59,020 [Worker-26: Launching SecureApp] INFO  o.eclipse.m2e.core.internal.Bundles - 	Entry: C:\Users\vishw\.p2\pool\plugins\org.eclipse.m2e.maven.runtime_3.9.900.20240824-1409
2025-02-23 19:47:59,020 [Worker-26: Launching SecureApp] INFO  o.eclipse.m2e.core.internal.Bundles - 	Entry: C:\Users\vishw\.p2\pool\plugins\org.eclipse.m2e.maven.runtime_3.9.900.20240824-1409\jars\aopalliance-1.0.jar
2025-02-23 19:47:59,020 [Worker-26: Launching SecureApp] INFO  o.eclipse.m2e.core.internal.Bundles - 	Entry: C:\Users\vishw\.p2\pool\plugins\org.eclipse.m2e.maven.runtime_3.9.900.20240824-1409\jars\guice-5.1.0.jar
2025-02-23 19:47:59,021 [Worker-26: Launching SecureApp] INFO  o.eclipse.m2e.core.internal.Bundles - 	Entry: C:\Users\vishw\.p2\pool\plugins\org.eclipse.m2e.maven.runtime_3.9.900.20240824-1409\jars\httpclient-4.5.14.jar
2025-02-23 19:47:59,021 [Worker-26: Launching SecureApp] INFO  o.eclipse.m2e.core.internal.Bundles - 	Entry: C:\Users\vishw\.p2\pool\plugins\org.eclipse.m2e.maven.runtime_3.9.900.20240824-1409\jars\httpcore-4.4.16.jar
2025-02-23 19:47:59,021 [Worker-26: Launching SecureApp] INFO  o.eclipse.m2e.core.internal.Bundles - 	Entry: C:\Users\vishw\.p2\pool\plugins\org.eclipse.m2e.maven.runtime_3.9.900.20240824-1409\jars\jansi-2.4.1.jar
2025-02-23 19:47:59,021 [Worker-26: Launching SecureApp] INFO  o.eclipse.m2e.core.internal.Bundles - 	Entry: C:\Users\vishw\.p2\pool\plugins\org.eclipse.m2e.maven.runtime_3.9.900.20240824-1409\jars\jcl-over-slf4j-1.7.36.jar
2025-02-23 19:47:59,022 [Worker-26: Launching SecureApp] INFO  o.eclipse.m2e.core.internal.Bundles - 	Entry: C:\Users\vishw\.p2\pool\plugins\org.eclipse.m2e.maven.runtime_3.9.900.20240824-1409\jars\maven-artifact-3.9.9.jar
2025-02-23 19:47:59,022 [Worker-26: Launching SecureApp] INFO  o.eclipse.m2e.core.internal.Bundles - 	Entry: C:\Users\vishw\.p2\pool\plugins\org.eclipse.m2e.maven.runtime_3.9.900.20240824-1409\jars\maven-builder-support-3.9.9.jar
2025-02-23 19:47:59,022 [Worker-26: Launching SecureApp] INFO  o.eclipse.m2e.core.internal.Bundles - 	Entry: C:\Users\vishw\.p2\pool\plugins\org.eclipse.m2e.maven.runtime_3.9.900.20240824-1409\jars\maven-compat-3.9.9.jar
2025-02-23 19:47:59,022 [Worker-26: Launching SecureApp] INFO  o.eclipse.m2e.core.internal.Bundles - 	Entry: C:\Users\vishw\.p2\pool\plugins\org.eclipse.m2e.maven.runtime_3.9.900.20240824-1409\jars\maven-core-3.9.9.jar
2025-02-23 19:47:59,023 [Worker-26: Launching SecureApp] INFO  o.eclipse.m2e.core.internal.Bundles - 	Entry: C:\Users\vishw\.p2\pool\plugins\org.eclipse.m2e.maven.runtime_3.9.900.20240824-1409\jars\maven-embedder-3.9.9.jar
2025-02-23 19:47:59,023 [Worker-26: Launching SecureApp] INFO  o.eclipse.m2e.core.internal.Bundles - 	Entry: C:\Users\vishw\.p2\pool\plugins\org.eclipse.m2e.maven.runtime_3.9.900.20240824-1409\jars\maven-model-3.9.9.jar
2025-02-23 19:47:59,023 [Worker-26: Launching SecureApp] INFO  o.eclipse.m2e.core.internal.Bundles - 	Entry: C:\Users\vishw\.p2\pool\plugins\org.eclipse.m2e.maven.runtime_3.9.900.20240824-1409\jars\maven-model-builder-3.9.9.jar
2025-02-23 19:47:59,024 [Worker-26: Launching SecureApp] INFO  o.eclipse.m2e.core.internal.Bundles - 	Entry: C:\Users\vishw\.p2\pool\plugins\org.eclipse.m2e.maven.runtime_3.9.900.20240824-1409\jars\maven-plugin-api-3.9.9.jar
2025-02-23 19:47:59,024 [Worker-26: Launching SecureApp] INFO  o.eclipse.m2e.core.internal.Bundles - 	Entry: C:\Users\vishw\.p2\pool\plugins\org.eclipse.m2e.maven.runtime_3.9.900.20240824-1409\jars\maven-repository-metadata-3.9.9.jar
2025-02-23 19:47:59,024 [Worker-26: Launching SecureApp] INFO  o.eclipse.m2e.core.internal.Bundles - 	Entry: C:\Users\vishw\.p2\pool\plugins\org.eclipse.m2e.maven.runtime_3.9.900.20240824-1409\jars\maven-resolver-api-1.9.22.jar
2025-02-23 19:47:59,025 [Worker-26: Launching SecureApp] INFO  o.eclipse.m2e.core.internal.Bundles - 	Entry: C:\Users\vishw\.p2\pool\plugins\org.eclipse.m2e.maven.runtime_3.9.900.20240824-1409\jars\maven-resolver-connector-basic-1.9.22.jar
2025-02-23 19:47:59,025 [Worker-26: Launching SecureApp] INFO  o.eclipse.m2e.core.internal.Bundles - 	Entry: C:\Users\vishw\.p2\pool\plugins\org.eclipse.m2e.maven.runtime_3.9.900.20240824-1409\jars\maven-resolver-impl-1.9.22.jar
2025-02-23 19:47:59,025 [Worker-26: Launching SecureApp] INFO  o.eclipse.m2e.core.internal.Bundles - 	Entry: C:\Users\vishw\.p2\pool\plugins\org.eclipse.m2e.maven.runtime_3.9.900.20240824-1409\jars\maven-resolver-named-locks-1.9.22.jar
2025-02-23 19:47:59,025 [Worker-26: Launching SecureApp] INFO  o.eclipse.m2e.core.internal.Bundles - 	Entry: C:\Users\vishw\.p2\pool\plugins\org.eclipse.m2e.maven.runtime_3.9.900.20240824-1409\jars\maven-resolver-provider-3.9.9.jar
2025-02-23 19:47:59,026 [Worker-26: Launching SecureApp] INFO  o.eclipse.m2e.core.internal.Bundles - 	Entry: C:\Users\vishw\.p2\pool\plugins\org.eclipse.m2e.maven.runtime_3.9.900.20240824-1409\jars\maven-resolver-spi-1.9.22.jar
2025-02-23 19:47:59,026 [Worker-26: Launching SecureApp] INFO  o.eclipse.m2e.core.internal.Bundles - 	Entry: C:\Users\vishw\.p2\pool\plugins\org.eclipse.m2e.maven.runtime_3.9.900.20240824-1409\jars\maven-resolver-transport-file-1.9.22.jar
2025-02-23 19:47:59,026 [Worker-26: Launching SecureApp] INFO  o.eclipse.m2e.core.internal.Bundles - 	Entry: C:\Users\vishw\.p2\pool\plugins\org.eclipse.m2e.maven.runtime_3.9.900.20240824-1409\jars\maven-resolver-transport-http-1.9.22.jar
2025-02-23 19:47:59,026 [Worker-26: Launching SecureApp] INFO  o.eclipse.m2e.core.internal.Bundles - 	Entry: C:\Users\vishw\.p2\pool\plugins\org.eclipse.m2e.maven.runtime_3.9.900.20240824-1409\jars\maven-resolver-transport-wagon-1.9.22.jar
2025-02-23 19:47:59,026 [Worker-26: Launching SecureApp] INFO  o.eclipse.m2e.core.internal.Bundles - 	Entry: C:\Users\vishw\.p2\pool\plugins\org.eclipse.m2e.maven.runtime_3.9.900.20240824-1409\jars\maven-resolver-util-1.9.22.jar
2025-02-23 19:47:59,028 [Worker-26: Launching SecureApp] INFO  o.eclipse.m2e.core.internal.Bundles - 	Entry: C:\Users\vishw\.p2\pool\plugins\org.eclipse.m2e.maven.runtime_3.9.900.20240824-1409\jars\maven-settings-3.9.9.jar
2025-02-23 19:47:59,028 [Worker-26: Launching SecureApp] INFO  o.eclipse.m2e.core.internal.Bundles - 	Entry: C:\Users\vishw\.p2\pool\plugins\org.eclipse.m2e.maven.runtime_3.9.900.20240824-1409\jars\maven-settings-builder-3.9.9.jar
2025-02-23 19:47:59,028 [Worker-26: Launching SecureApp] INFO  o.eclipse.m2e.core.internal.Bundles - 	Entry: C:\Users\vishw\.p2\pool\plugins\org.eclipse.m2e.maven.runtime_3.9.900.20240824-1409\jars\maven-shared-utils-3.4.2.jar
2025-02-23 19:47:59,028 [Worker-26: Launching SecureApp] INFO  o.eclipse.m2e.core.internal.Bundles - 	Entry: C:\Users\vishw\.p2\pool\plugins\org.eclipse.m2e.maven.runtime_3.9.900.20240824-1409\jars\org.eclipse.sisu.inject-0.9.0.M3.jar
2025-02-23 19:47:59,029 [Worker-26: Launching SecureApp] INFO  o.eclipse.m2e.core.internal.Bundles - 	Entry: C:\Users\vishw\.p2\pool\plugins\org.eclipse.m2e.maven.runtime_3.9.900.20240824-1409\jars\org.eclipse.sisu.plexus-0.9.0.M3.jar
2025-02-23 19:47:59,029 [Worker-26: Launching SecureApp] INFO  o.eclipse.m2e.core.internal.Bundles - 	Entry: C:\Users\vishw\.p2\pool\plugins\org.eclipse.m2e.maven.runtime_3.9.900.20240824-1409\jars\plexus-build-api-0.0.7.jar
2025-02-23 19:47:59,029 [Worker-26: Launching SecureApp] INFO  o.eclipse.m2e.core.internal.Bundles - 	Entry: C:\Users\vishw\.p2\pool\plugins\org.eclipse.m2e.maven.runtime_3.9.900.20240824-1409\jars\plexus-build-api-1.2.0.jar
2025-02-23 19:47:59,029 [Worker-26: Launching SecureApp] INFO  o.eclipse.m2e.core.internal.Bundles - 	Entry: C:\Users\vishw\.p2\pool\plugins\org.eclipse.m2e.maven.runtime_3.9.900.20240824-1409\jars\plexus-cipher-2.0.jar
2025-02-23 19:47:59,029 [Worker-26: Launching SecureApp] INFO  o.eclipse.m2e.core.internal.Bundles - 	Entry: C:\Users\vishw\.p2\pool\plugins\org.eclipse.m2e.maven.runtime_3.9.900.20240824-1409\jars\plexus-classworlds-2.8.0.jar
2025-02-23 19:47:59,030 [Worker-26: Launching SecureApp] INFO  o.eclipse.m2e.core.internal.Bundles - 	Entry: C:\Users\vishw\.p2\pool\plugins\org.eclipse.m2e.maven.runtime_3.9.900.20240824-1409\jars\plexus-component-annotations-2.1.0.jar
2025-02-23 19:47:59,030 [Worker-26: Launching SecureApp] INFO  o.eclipse.m2e.core.internal.Bundles - 	Entry: C:\Users\vishw\.p2\pool\plugins\org.eclipse.m2e.maven.runtime_3.9.900.20240824-1409\jars\plexus-interpolation-1.27.jar
2025-02-23 19:47:59,030 [Worker-26: Launching SecureApp] INFO  o.eclipse.m2e.core.internal.Bundles - 	Entry: C:\Users\vishw\.p2\pool\plugins\org.eclipse.m2e.maven.runtime_3.9.900.20240824-1409\jars\plexus-sec-dispatcher-2.0.jar
2025-02-23 19:47:59,030 [Worker-26: Launching SecureApp] INFO  o.eclipse.m2e.core.internal.Bundles - 	Entry: C:\Users\vishw\.p2\pool\plugins\org.eclipse.m2e.maven.runtime_3.9.900.20240824-1409\jars\plexus-utils-3.5.1.jar
2025-02-23 19:47:59,030 [Worker-26: Launching SecureApp] INFO  o.eclipse.m2e.core.internal.Bundles - 	Entry: C:\Users\vishw\.p2\pool\plugins\org.eclipse.m2e.maven.runtime_3.9.900.20240824-1409\jars\plexus-xml-3.0.1.jar
2025-02-23 19:47:59,031 [Worker-26: Launching SecureApp] INFO  o.eclipse.m2e.core.internal.Bundles - 	Entry: C:\Users\vishw\.p2\pool\plugins\org.eclipse.m2e.maven.runtime_3.9.900.20240824-1409\jars\wagon-file-3.5.3.jar
2025-02-23 19:47:59,031 [Worker-26: Launching SecureApp] INFO  o.eclipse.m2e.core.internal.Bundles - 	Entry: C:\Users\vishw\.p2\pool\plugins\org.eclipse.m2e.maven.runtime_3.9.900.20240824-1409\jars\wagon-http-3.5.3.jar
2025-02-23 19:47:59,031 [Worker-26: Launching SecureApp] INFO  o.eclipse.m2e.core.internal.Bundles - 	Entry: C:\Users\vishw\.p2\pool\plugins\org.eclipse.m2e.maven.runtime_3.9.900.20240824-1409\jars\wagon-http-shared-3.5.3.jar
2025-02-23 19:47:59,031 [Worker-26: Launching SecureApp] INFO  o.eclipse.m2e.core.internal.Bundles - 	Entry: C:\Users\vishw\.p2\pool\plugins\org.eclipse.m2e.maven.runtime_3.9.900.20240824-1409\jars\wagon-provider-api-3.5.3.jar
2025-02-23 19:47:59,034 [Worker-26: Launching SecureApp] INFO  o.eclipse.m2e.core.internal.Bundles - getClasspathEntries(Bundle=com.google.guava_33.3.1.jre [16])
2025-02-23 19:47:59,035 [Worker-26: Launching SecureApp] INFO  o.eclipse.m2e.core.internal.Bundles - 	Entry: C:\Users\vishw\.p2\pool\plugins\com.google.guava_33.3.1.jre.jar
2025-02-23 19:47:59,035 [Worker-26: Launching SecureApp] INFO  o.eclipse.m2e.core.internal.Bundles - getClasspathEntries(Bundle=slf4j.api_2.0.16 [1005])
2025-02-23 19:47:59,036 [Worker-26: Launching SecureApp] INFO  o.eclipse.m2e.core.internal.Bundles - 	Entry: C:\Users\vishw\.p2\pool\plugins\slf4j.api_2.0.16.jar
2025-02-23 19:47:59,036 [Worker-26: Launching SecureApp] INFO  o.eclipse.m2e.core.internal.Bundles - getClasspathEntries(Bundle=jakarta.inject.jakarta.inject-api_1.0.5 [34])
2025-02-23 19:47:59,036 [Worker-26: Launching SecureApp] INFO  o.eclipse.m2e.core.internal.Bundles - 	Entry: C:\Users\vishw\.p2\pool\plugins\jakarta.inject.jakarta.inject-api_1.0.5.jar
2025-02-23 19:47:59,036 [Worker-26: Launching SecureApp] INFO  o.eclipse.m2e.core.internal.Bundles - getClasspathEntries(Bundle=jakarta.annotation-api_1.3.5 [29])
2025-02-23 19:47:59,037 [Worker-26: Launching SecureApp] INFO  o.eclipse.m2e.core.internal.Bundles - 	Entry: C:\Users\vishw\.p2\pool\plugins\jakarta.annotation-api_1.3.5.jar
2025-02-23 19:47:59,037 [Worker-26: Launching SecureApp] INFO  o.eclipse.m2e.core.internal.Bundles - getClasspathEntries(Bundle=org.apache.commons.cli_1.9.0 [75])
2025-02-23 19:47:59,037 [Worker-26: Launching SecureApp] INFO  o.eclipse.m2e.core.internal.Bundles - 	Entry: C:\Users\vishw\.p2\pool\plugins\org.apache.commons.cli_1.9.0.jar
2025-02-23 19:47:59,037 [Worker-26: Launching SecureApp] INFO  o.eclipse.m2e.core.internal.Bundles - getClasspathEntries(Bundle=org.apache.commons.commons-codec_1.16.0 [78])
2025-02-23 19:47:59,038 [Worker-26: Launching SecureApp] INFO  o.eclipse.m2e.core.internal.Bundles - 	Entry: C:\Users\vishw\.p2\pool\plugins\org.apache.commons.commons-codec_1.16.0.jar
2025-02-23 19:47:59,038 [Worker-26: Launching SecureApp] INFO  o.eclipse.m2e.core.internal.Bundles - getClasspathEntries(Bundle=com.google.guava.failureaccess_1.0.2 [17])
2025-02-23 19:47:59,038 [Worker-26: Launching SecureApp] INFO  o.eclipse.m2e.core.internal.Bundles - 	Entry: C:\Users\vishw\.p2\pool\plugins\com.google.guava.failureaccess_1.0.2.jar
2025-02-23 19:47:59,053 [Worker-26: Launching SecureApp] INFO  o.e.m.i.launch.MavenLaunchDelegate - Run build in "D:\projects\presi_proj\SecureApp":
2025-02-23 19:47:59,061 [Worker-26: Launching SecureApp] INFO  o.e.m.i.launch.MavenLaunchDelegate -  mvn  -B -Dstyle.color=always 
2025-02-24 19:47:40,325 [Worker-4: Loading available Gradle versions] INFO  o.e.b.c.i.u.g.PublishedGradleVersions - Gradle version information cache is out-of-date. Trying to update.
2025-02-24 19:47:41,225 [Worker-4: Loading available Gradle versions] INFO  o.e.b.c.i.u.g.PublishedGradleVersions - Updating Gradle version information cache failed. Using outdated cache.
2025-02-24 20:05:09,681 [Worker-14: Building] WARN  o.a.m.r.i.DefaultArtifactDescriptorReader - 6 problems were encountered while building the effective model for org.openjfx:javafx-controls:jar:21 during dependency collection step for project (use -X to see details)
2025-02-24 20:05:10,375 [Worker-14: Building] WARN  o.a.m.s.f.DefaultMavenResourcesFiltering - Using platform encoding (UTF-8 actually) to copy filtered resources, i.e. build is platform dependent!
2025-02-24 20:05:10,382 [Worker-14: Building] INFO  o.a.m.s.f.DefaultMavenResourcesFiltering - Copying 3 resources from src\main\resources to target\classes
2025-02-24 20:05:10,403 [Worker-14: Building] WARN  o.a.m.s.f.DefaultMavenResourcesFiltering - Using platform encoding (UTF-8 actually) to copy filtered resources, i.e. build is platform dependent!
2025-02-24 20:05:10,406 [Worker-14: Building] INFO  o.a.m.s.f.DefaultMavenResourcesFiltering - Copying 0 resource from src\test\resources to target\test-classes
2025-03-13 22:05:43,925 [Worker-5: Loading available Gradle versions] INFO  o.e.b.c.i.u.g.PublishedGradleVersions - Gradle version information cache is out-of-date. Trying to update.
2025-03-13 22:06:09,778 [Worker-21: Launching Main (1)] WARN  o.a.m.r.i.DefaultArtifactDescriptorReader - 6 problems were encountered while building the effective model for org.openjfx:javafx-controls:jar:21 during dependency collection step for project (use -X to see details)
2025-03-24 13:03:28,310 [Worker-5: Loading available Gradle versions] INFO  o.e.b.c.i.u.g.PublishedGradleVersions - Gradle version information cache is out-of-date. Trying to update.
